actorstarredinmovie	http://dbpedia.org/ontology/starring	
actorstarredinmovie	http://dbpedia.org/ontology/starring	
actorstarredinmovie	http://dbpedia.org/ontology/starring	
actorstarredinmovie	http://dbpedia.org/ontology/starring	
actorstarredinmovie	http://dbpedia.org/ontology/starring	
actorstarredinmovie	http://dbpedia.org/ontology/starring	
actorstarredinmovie	http://dbpedia.org/ontology/starring	
actorstarredinmovie	http://dbpedia.org/ontology/starring	
actorstarredinmovie	http://dbpedia.org/ontology/starring	
actorstarredinmovie	http://dbpedia.org/ontology/director	
actorstarredinmovie	http://dbpedia.org/ontology/starring	
actorstarredinmovie	http://dbpedia.org/ontology/starring	
actorstarredinmovie	http://dbpedia.org/ontology/starring	
actorstarredinmovie	http://dbpedia.org/ontology/director	
actorstarredinmovie	http://dbpedia.org/ontology/starring	
actorstarredinmovie	http://dbpedia.org/ontology/starring	
actorstarredinmovie	http://dbpedia.org/ontology/starring	
actorstarredinmovie	http://dbpedia.org/ontology/starring	
actorstarredinmovie	http://dbpedia.org/ontology/starring	
actorstarredinmovie	http://dbpedia.org/ontology/starring	
actorstarredinmovie	http://dbpedia.org/ontology/starring	
actorstarredinmovie	http://dbpedia.org/ontology/starring	
actorstarredinmovie	http://dbpedia.org/ontology/starring	
actorstarredinmovie	http://dbpedia.org/ontology/starring	
actorstarredinmovie	http://dbpedia.org/ontology/director	
actorstarredinmovie	http://dbpedia.org/ontology/starring	
actorstarredinmovie	http://dbpedia.org/ontology/narrator	
actorstarredinmovie	http://dbpedia.org/ontology/producer	
actorstarredinmovie	http://dbpedia.org/ontology/starring	
actorstarredinmovie	http://dbpedia.org/ontology/starring	
actorstarredinmovie	http://dbpedia.org/ontology/starring	
actorstarredinmovie	http://dbpedia.org/ontology/starring	
actorstarredinmovie	http://dbpedia.org/ontology/starring	
actorstarredinmovie	http://dbpedia.org/ontology/starring	
actorstarredinmovie	http://dbpedia.org/ontology/director	
actorstarredinmovie	http://dbpedia.org/ontology/starring	
actorstarredinmovie	http://dbpedia.org/ontology/starring	
actorstarredinmovie	http://dbpedia.org/ontology/starring	
actorstarredinmovie	http://dbpedia.org/ontology/starring	
actorstarredinmovie	http://dbpedia.org/ontology/starring	
actorstarredinmovie	http://dbpedia.org/ontology/director	
actorstarredinmovie	http://dbpedia.org/ontology/starring	
actorstarredinmovie	http://dbpedia.org/ontology/starring	
actorstarredinmovie	http://dbpedia.org/ontology/starring	
actorstarredinmovie	http://dbpedia.org/ontology/starring	
actorstarredinmovie	http://dbpedia.org/ontology/starring	
actorstarredinmovie	http://dbpedia.org/ontology/starring	
actorstarredinmovie	http://dbpedia.org/ontology/narrator	
actorstarredinmovie	http://dbpedia.org/ontology/producer	
actorstarredinmovie	http://dbpedia.org/ontology/starring	
actorstarredinmovie	http://dbpedia.org/ontology/starring	
actorstarredinmovie	http://dbpedia.org/ontology/director	
actorstarredinmovie	http://dbpedia.org/ontology/starring	
actorstarredinmovie	http://dbpedia.org/ontology/starring	
actorstarredinmovie	http://dbpedia.org/ontology/starring	
actorstarredinmovie	http://dbpedia.org/ontology/starring	
actorstarredinmovie	http://dbpedia.org/ontology/producer	
actorstarredinmovie	http://dbpedia.org/ontology/starring	
actorstarredinmovie	http://dbpedia.org/ontology/starring	
actorstarredinmovie	http://dbpedia.org/ontology/director	
actorstarredinmovie	http://dbpedia.org/ontology/starring	
actorstarredinmovie	http://dbpedia.org/ontology/starring	
actorstarredinmovie	http://dbpedia.org/ontology/director	
actorstarredinmovie	http://dbpedia.org/ontology/starring	
actorstarredinmovie	http://dbpedia.org/ontology/director	
actorstarredinmovie	http://dbpedia.org/ontology/starring	
actorstarredinmovie	http://dbpedia.org/ontology/starring	
actorstarredinmovie	http://dbpedia.org/ontology/starring	
actorstarredinmovie	http://dbpedia.org/ontology/starring	
actorstarredinmovie	http://dbpedia.org/ontology/starring	
actorstarredinmovie	http://dbpedia.org/ontology/starring	
actorstarredinmovie	http://dbpedia.org/ontology/starring	
actorstarredinmovie	http://dbpedia.org/ontology/producer	
actorstarredinmovie	http://dbpedia.org/ontology/starring	
actorstarredinmovie	http://dbpedia.org/ontology/cinematography	
actorstarredinmovie	http://dbpedia.org/ontology/narrator	
actorstarredinmovie	http://dbpedia.org/ontology/starring	
