athleteledsportsteam	http://dbpedia.org/ontology/draftTeam	
athleteledsportsteam	http://dbpedia.org/ontology/draftTeam	
athleteledsportsteam	http://dbpedia.org/ontology/formerTeam	
athleteledsportsteam	http://dbpedia.org/ontology/draftTeam	
athleteledsportsteam	http://dbpedia.org/ontology/formerTeam	
athleteledsportsteam	http://dbpedia.org/ontology/draftTeam	
athleteledsportsteam	http://dbpedia.org/ontology/draftTeam	
athleteledsportsteam	http://dbpedia.org/ontology/formerTeam	
athleteledsportsteam	http://dbpedia.org/ontology/team	
athleteledsportsteam	http://dbpedia.org/ontology/draftTeam	
athleteledsportsteam	http://dbpedia.org/ontology/debutTeam	
athleteledsportsteam	http://dbpedia.org/ontology/debutTeam	
athleteledsportsteam	http://dbpedia.org/ontology/debutTeam	
athleteledsportsteam	http://dbpedia.org/ontology/formerTeam	
athleteledsportsteam	http://dbpedia.org/ontology/draftTeam	
athleteledsportsteam	http://dbpedia.org/ontology/team	
athleteledsportsteam	http://dbpedia.org/ontology/formerTeam	
athleteledsportsteam	http://dbpedia.org/ontology/draftTeam	
athleteledsportsteam	http://dbpedia.org/ontology/draftTeam	
athleteledsportsteam	http://dbpedia.org/ontology/team	
athleteledsportsteam	http://dbpedia.org/ontology/team	
athleteledsportsteam	http://dbpedia.org/ontology/formerTeam	
athleteledsportsteam	http://dbpedia.org/ontology/draftTeam	
athleteledsportsteam	http://dbpedia.org/ontology/draftTeam	
athleteledsportsteam	http://dbpedia.org/ontology/draftTeam	
athleteledsportsteam	http://dbpedia.org/ontology/formerTeam	
athleteledsportsteam	http://dbpedia.org/ontology/team	
athleteledsportsteam	http://dbpedia.org/ontology/formerTeam	
athleteledsportsteam	http://dbpedia.org/ontology/draftTeam	
athleteledsportsteam	http://dbpedia.org/ontology/draftTeam	
athleteledsportsteam	http://dbpedia.org/ontology/team	
athleteledsportsteam	http://dbpedia.org/ontology/formerTeam	
athleteledsportsteam	http://dbpedia.org/ontology/team	
athleteledsportsteam	http://dbpedia.org/ontology/draftTeam	
athleteledsportsteam	http://dbpedia.org/ontology/termPeriod	http://dbpedia.org/ontology/team	
athleteledsportsteam	http://dbpedia.org/ontology/formerTeam	
athleteledsportsteam	http://dbpedia.org/ontology/debutTeam	
athleteledsportsteam	http://dbpedia.org/ontology/draftTeam	
athleteledsportsteam	http://dbpedia.org/ontology/draftTeam	
athleteledsportsteam	http://dbpedia.org/ontology/formerTeam	
athleteledsportsteam	http://dbpedia.org/ontology/formerTeam	
athleteledsportsteam	http://dbpedia.org/ontology/formerTeam	
athleteledsportsteam	http://dbpedia.org/ontology/draftTeam	
athleteledsportsteam	http://dbpedia.org/ontology/draftTeam	
athleteledsportsteam	http://dbpedia.org/ontology/draftTeam	
athleteledsportsteam	http://dbpedia.org/ontology/formerTeam	
athleteledsportsteam	http://dbpedia.org/ontology/team	
athleteledsportsteam	http://dbpedia.org/ontology/draftTeam	
athleteledsportsteam	http://dbpedia.org/ontology/debutTeam	
athleteledsportsteam	http://dbpedia.org/ontology/debutTeam	
athleteledsportsteam	http://dbpedia.org/ontology/team	
athleteledsportsteam	http://dbpedia.org/ontology/formerTeam	
athleteledsportsteam	http://dbpedia.org/ontology/debutTeam	
athleteledsportsteam	http://dbpedia.org/ontology/formerTeam	
athleteledsportsteam	http://dbpedia.org/ontology/formerTeam	
athleteledsportsteam	http://dbpedia.org/ontology/draftTeam	
athleteledsportsteam	http://dbpedia.org/ontology/draftTeam	
athleteledsportsteam	http://dbpedia.org/ontology/draftTeam	
athleteledsportsteam	http://dbpedia.org/ontology/debutTeam	
athleteledsportsteam	http://dbpedia.org/ontology/draftTeam	
athleteledsportsteam	http://dbpedia.org/ontology/team	
athleteledsportsteam	http://dbpedia.org/ontology/draftTeam	
athleteledsportsteam	http://dbpedia.org/ontology/team	
athleteledsportsteam	http://dbpedia.org/ontology/draftTeam	
athleteledsportsteam	http://dbpedia.org/ontology/formerTeam	
athleteledsportsteam	http://dbpedia.org/ontology/formerTeam	
athleteledsportsteam	http://dbpedia.org/ontology/team	
athleteledsportsteam	http://dbpedia.org/ontology/team	
athleteledsportsteam	http://dbpedia.org/ontology/formerTeam	
