bankbankincountry	http://dbpedia.org/ontology/location	
bankbankincountry	http://dbpedia.org/ontology/ground	
bankbankincountry	http://dbpedia.org/ontology/foundationPlace	http://dbpedia.org/ontology/location	
bankbankincountry	http://dbpedia.org/ontology/regionServed	
bankbankincountry	http://dbpedia.org/ontology/location	
bankbankincountry	http://dbpedia.org/ontology/location	
bankbankincountry	http://dbpedia.org/ontology/subsidiary	http://dbpedia.org/ontology/regionServed	
bankbankincountry	http://dbpedia.org/ontology/location	
bankbankincountry	http://dbpedia.org/ontology/location	
bankbankincountry	http://dbpedia.org/ontology/location	
bankbankincountry	http://dbpedia.org/ontology/location	
bankbankincountry	http://dbpedia.org/ontology/location	
bankbankincountry	http://dbpedia.org/ontology/location	
bankbankincountry	http://dbpedia.org/ontology/location	
bankbankincountry	http://dbpedia.org/ontology/foundationPlace	http://dbpedia.org/ontology/location	
bankbankincountry	http://dbpedia.org/ontology/foundationPlace	http://dbpedia.org/ontology/location	
bankbankincountry	http://dbpedia.org/ontology/foundationPlace	
bankbankincountry	http://dbpedia.org/ontology/location	
bankbankincountry	http://dbpedia.org/ontology/foundationPlace	
bankbankincountry	http://dbpedia.org/ontology/location	
bankbankincountry	http://dbpedia.org/ontology/locationCity	http://dbpedia.org/ontology/country	
bankbankincountry	http://dbpedia.org/ontology/location	http://dbpedia.org/ontology/country	
bankbankincountry	http://dbpedia.org/ontology/location	
bankbankincountry	http://dbpedia.org/ontology/location	
bankbankincountry	http://dbpedia.org/ontology/foundationPlace	
bankbankincountry	http://dbpedia.org/ontology/location	
bankbankincountry	http://dbpedia.org/ontology/location	
bankbankincountry	http://dbpedia.org/ontology/foundationPlace	http://dbpedia.org/ontology/location	
bankbankincountry	http://dbpedia.org/ontology/location	http://dbpedia.org/ontology/twinCountry	
bankbankincountry	http://dbpedia.org/ontology/location	
bankbankincountry	http://dbpedia.org/ontology/locationCountry	http://dbpedia.org/ontology/leaderName	http://dbpedia.org/ontology/birthPlace	
bankbankincountry	http://dbpedia.org/ontology/location	
bankbankincountry	http://dbpedia.org/ontology/foundationPlace	http://dbpedia.org/ontology/location	
bankbankincountry	http://dbpedia.org/ontology/foundationPlace	
bankbankincountry	http://dbpedia.org/ontology/keyPerson	http://dbpedia.org/ontology/birthPlace	
bankbankincountry	http://dbpedia.org/ontology/foundationPlace	
bankbankincountry	http://dbpedia.org/ontology/subsidiary	http://dbpedia.org/ontology/foundationPlace	
bankbankincountry	http://dbpedia.org/ontology/location	
bankbankincountry	http://dbpedia.org/ontology/location	
bankbankincountry	http://dbpedia.org/ontology/leader	http://dbpedia.org/ontology/birthPlace	http://dbpedia.org/ontology/architect	http://dbpedia.org/ontology/foundationPlace	http://dbpedia.org/ontology/subsidiary	http://dbpedia.org/ontology/regionServed	
bankbankincountry	http://dbpedia.org/ontology/location	
bankbankincountry	http://dbpedia.org/ontology/foundationPlace	
bankbankincountry	http://dbpedia.org/ontology/location	
bankbankincountry	http://dbpedia.org/ontology/location	
bankbankincountry	http://dbpedia.org/ontology/subsidiary	http://dbpedia.org/ontology/location	
bankbankincountry	http://dbpedia.org/ontology/parentCompany	http://dbpedia.org/ontology/subsidiary	http://dbpedia.org/ontology/regionServed	
