lakeinstate	http://dbpedia.org/ontology/location	
lakeinstate	http://dbpedia.org/ontology/location	
lakeinstate	http://dbpedia.org/ontology/location	http://dbpedia.org/ontology/state	
lakeinstate	http://dbpedia.org/ontology/city	
lakeinstate	http://dbpedia.org/ontology/location	
lakeinstate	http://dbpedia.org/ontology/location	
lakeinstate	http://dbpedia.org/ontology/location	
lakeinstate	http://dbpedia.org/ontology/city	
lakeinstate	http://dbpedia.org/ontology/city	http://dbpedia.org/ontology/isPartOf	
lakeinstate	http://dbpedia.org/ontology/state	
lakeinstate	http://dbpedia.org/ontology/location	http://dbpedia.org/ontology/isPartOf	
lakeinstate	http://dbpedia.org/ontology/location	
lakeinstate	http://dbpedia.org/ontology/location	
lakeinstate	http://dbpedia.org/ontology/riverMouth	http://dbpedia.org/ontology/city	
lakeinstate	http://dbpedia.org/ontology/location	http://dbpedia.org/ontology/isPartOf	
lakeinstate	http://dbpedia.org/ontology/location	
lakeinstate	http://dbpedia.org/ontology/location	
lakeinstate	http://dbpedia.org/ontology/location	
lakeinstate	http://dbpedia.org/ontology/city	http://dbpedia.org/ontology/isPartOf	
lakeinstate	http://dbpedia.org/ontology/city	http://dbpedia.org/ontology/isPartOf	
lakeinstate	http://dbpedia.org/ontology/city	
lakeinstate	http://dbpedia.org/ontology/inflow	http://dbpedia.org/ontology/mouthRegion	
lakeinstate	http://dbpedia.org/ontology/location	
lakeinstate	http://dbpedia.org/ontology/location	
lakeinstate	http://dbpedia.org/ontology/location	
lakeinstate	http://dbpedia.org/ontology/city	
lakeinstate	http://dbpedia.org/ontology/location	
lakeinstate	http://dbpedia.org/ontology/location	
lakeinstate	http://dbpedia.org/ontology/location	
lakeinstate	http://dbpedia.org/ontology/city	
lakeinstate	http://dbpedia.org/ontology/city	
lakeinstate	http://dbpedia.org/ontology/location	
lakeinstate	http://dbpedia.org/ontology/location	
lakeinstate	http://dbpedia.org/ontology/location	
lakeinstate	http://dbpedia.org/ontology/location	
lakeinstate	http://dbpedia.org/ontology/location	
lakeinstate	http://dbpedia.org/ontology/location	
lakeinstate	http://dbpedia.org/ontology/location	
lakeinstate	http://dbpedia.org/ontology/location	http://dbpedia.org/ontology/isPartOf	
lakeinstate	http://dbpedia.org/ontology/location	http://dbpedia.org/ontology/state	
lakeinstate	http://dbpedia.org/ontology/sourceMountain	http://dbpedia.org/ontology/location	
lakeinstate	http://dbpedia.org/ontology/location	
lakeinstate	http://dbpedia.org/ontology/location	
lakeinstate	http://dbpedia.org/ontology/location	
lakeinstate	http://dbpedia.org/ontology/location	http://dbpedia.org/ontology/isPartOf	
lakeinstate	http://dbpedia.org/ontology/location	
lakeinstate	http://dbpedia.org/ontology/state	
lakeinstate	http://dbpedia.org/ontology/riverMouth	http://dbpedia.org/ontology/city	
lakeinstate	http://dbpedia.org/ontology/state	
