
======  DOMAIN PREFERENCE ================================
http://dbpedia.org/ontology/Lake	(54.75,	0.684375)
http://dbpedia.org/ontology/River	(38.0,	0.475)
http://dbpedia.org/ontology/City	(22.4375,	0.28046875)
http://dbpedia.org/ontology/Town	(22.4375,	0.28046875)
http://dbpedia.org/ontology/Village	(20.4375,	0.25546875)
http://dbpedia.org/ontology/Settlement	(20.4375,	0.25546875)
http://dbpedia.org/ontology/PopulatedPlace	(15.4375,	0.19296875)
http://dbpedia.org/ontology/Country	(15.4375,	0.19296875)
http://dbpedia.org/ontology/AdministrativeRegion	(15.4375,	0.19296875)
http://dbpedia.org/ontology/ProtectedArea	(12.9375,	0.16171875)
http://dbpedia.org/ontology/Place	(11.9375,	0.14921875)
http://dbpedia.org/ontology/Station	(11.9375,	0.14921875)
http://dbpedia.org/ontology/Airport	(11.9375,	0.14921875)
http://dbpedia.org/ontology/Road	(11.9375,	0.14921875)
UNTYPED	(5.0,	0.0625)
http://dbpedia.org/ontology/Single	(0.0,	0.0)
http://dbpedia.org/ontology/Ship	(0.0,	0.0)
http://dbpedia.org/ontology/Film	(0.0,	0.0)
http://dbpedia.org/ontology/University	(0.0,	0.0)
http://dbpedia.org/ontology/Album	(0.0,	0.0)
======  RANGE PREFERENCE ================================
http://dbpedia.org/ontology/AdministrativeRegion	(98.0,	0.9333333333333333)
http://dbpedia.org/ontology/City	(36.75,	0.35)
http://dbpedia.org/ontology/Settlement	(36.75,	0.35)
http://dbpedia.org/ontology/Country	(29.75,	0.2833333333333333)
http://dbpedia.org/ontology/PopulatedPlace	(29.75,	0.2833333333333333)
http://dbpedia.org/ontology/PoliticalParty	(0.0,	0.0)
http://dbpedia.org/ontology/Organisation	(0.0,	0.0)
http://dbpedia.org/ontology/SoccerClub	(0.0,	0.0)
http://dbpedia.org/ontology/RadioStation	(0.0,	0.0)
http://dbpedia.org/ontology/University	(0.0,	0.0)
http://dbpedia.org/ontology/EducationalInstitution	(0.0,	0.0)
UNTYPED	(0.0,	0.0)
