
======  DOMAIN PREFERENCE ================================
http://dbpedia.org/ontology/Lake	(72.1965,	0.8493705882352941)
http://dbpedia.org/ontology/River	(70.72399999999999,	0.8320470588235293)
http://dbpedia.org/ontology/Stream	(70.27399999999999,	0.8267529411764705)
http://dbpedia.org/ontology/Canal	(70.27399999999999,	0.8267529411764705)
http://dbpedia.org/ontology/BodyOfWater	(69.84649999999999,	0.8217235294117646)
http://dbpedia.org/ontology/Sea	(69.84649999999999,	0.8217235294117646)
http://dbpedia.org/ontology/LunarCrater	(67.20787499999999,	0.790680882352941)
http://dbpedia.org/ontology/Valley	(67.20787499999999,	0.790680882352941)
http://dbpedia.org/ontology/Volcano	(67.20787499999999,	0.790680882352941)
http://dbpedia.org/ontology/MountainRange	(67.20787499999999,	0.790680882352941)
http://dbpedia.org/ontology/Mountain	(67.20787499999999,	0.790680882352941)
http://dbpedia.org/ontology/NaturalPlace	(67.20787499999999,	0.790680882352941)
http://dbpedia.org/ontology/Cave	(67.20787499999999,	0.790680882352941)
http://dbpedia.org/ontology/City	(66.32718125,	0.7803197794117647)
http://dbpedia.org/ontology/Town	(66.32718125,	0.7803197794117647)
http://dbpedia.org/ontology/CityDistrict	(66.12718124999999,	0.777966838235294)
http://dbpedia.org/ontology/Settlement	(66.12718124999999,	0.777966838235294)
http://dbpedia.org/ontology/Village	(66.12718124999999,	0.777966838235294)
http://dbpedia.org/ontology/IranSettlement	(66.12718124999999,	0.777966838235294)
http://dbpedia.org/ontology/Continent	(65.44718124999999,	0.769966838235294)
http://dbpedia.org/ontology/Diocese	(65.44718124999999,	0.769966838235294)
http://dbpedia.org/ontology/Prefecture	(65.44718124999999,	0.769966838235294)
http://dbpedia.org/ontology/Parish	(65.44718124999999,	0.769966838235294)
http://dbpedia.org/ontology/Department	(65.44718124999999,	0.769966838235294)
http://dbpedia.org/ontology/Territory	(65.44718124999999,	0.769966838235294)
http://dbpedia.org/ontology/Locality	(65.44718124999999,	0.769966838235294)
http://dbpedia.org/ontology/DistrictWaterBoard	(65.44718124999999,	0.769966838235294)
http://dbpedia.org/ontology/ClericalAdministrativeRegion	(65.44718124999999,	0.769966838235294)
http://dbpedia.org/ontology/Regency	(65.44718124999999,	0.769966838235294)
http://dbpedia.org/ontology/GovernmentalAdministrativeRegion	(65.44718124999999,	0.769966838235294)
http://dbpedia.org/ontology/Country	(65.44718124999999,	0.769966838235294)
http://dbpedia.org/ontology/District	(65.44718124999999,	0.769966838235294)
http://dbpedia.org/ontology/OldTerritory	(65.44718124999999,	0.769966838235294)
http://dbpedia.org/ontology/Intercommunality	(65.44718124999999,	0.769966838235294)
http://dbpedia.org/ontology/FrenchLocality	(65.44718124999999,	0.769966838235294)
http://dbpedia.org/ontology/OverseasDepartment	(65.44718124999999,	0.769966838235294)
http://dbpedia.org/ontology/Deanery	(65.44718124999999,	0.769966838235294)
http://dbpedia.org/ontology/Province	(65.44718124999999,	0.769966838235294)
http://dbpedia.org/ontology/SubMunicipality	(65.44718124999999,	0.769966838235294)
http://dbpedia.org/ontology/Island	(65.44718124999999,	0.769966838235294)
http://dbpedia.org/ontology/Atoll	(65.44718124999999,	0.769966838235294)
http://dbpedia.org/ontology/State	(65.44718124999999,	0.769966838235294)
http://dbpedia.org/ontology/Region	(65.44718124999999,	0.769966838235294)
http://dbpedia.org/ontology/Municipality	(65.44718124999999,	0.769966838235294)
http://dbpedia.org/ontology/NaturalRegion	(65.44718124999999,	0.769966838235294)
http://dbpedia.org/ontology/PopulatedPlace	(65.44718124999999,	0.769966838235294)
http://dbpedia.org/ontology/AdministrativeRegion	(65.44718124999999,	0.769966838235294)
http://dbpedia.org/ontology/ProtectedArea	(64.80118124999998,	0.7623668382352939)
http://dbpedia.org/ontology/Tunnel	(64.70118124999999,	0.7611903676470587)
http://dbpedia.org/ontology/Mosque	(64.70118124999999,	0.7611903676470587)
http://dbpedia.org/ontology/Road	(64.70118124999999,	0.7611903676470587)
http://dbpedia.org/ontology/Windmill	(64.70118124999999,	0.7611903676470587)
http://dbpedia.org/ontology/Monument	(64.70118124999999,	0.7611903676470587)
http://dbpedia.org/ontology/PowerStation	(64.70118124999999,	0.7611903676470587)
http://dbpedia.org/ontology/ReligiousBuilding	(64.70118124999999,	0.7611903676470587)
http://dbpedia.org/ontology/WaterwayTunnel	(64.70118124999999,	0.7611903676470587)
http://dbpedia.org/ontology/ArchitecturalStructure	(64.70118124999999,	0.7611903676470587)
http://dbpedia.org/ontology/Station	(64.70118124999999,	0.7611903676470587)
http://dbpedia.org/ontology/Park	(64.70118124999999,	0.7611903676470587)
http://dbpedia.org/ontology/Synagogue	(64.70118124999999,	0.7611903676470587)
http://dbpedia.org/ontology/Memorial	(64.70118124999999,	0.7611903676470587)
http://dbpedia.org/ontology/Airport	(64.70118124999999,	0.7611903676470587)
http://dbpedia.org/ontology/Museum	(64.70118124999999,	0.7611903676470587)
http://dbpedia.org/ontology/Theatre	(64.70118124999999,	0.7611903676470587)
http://dbpedia.org/ontology/Treadmill	(64.70118124999999,	0.7611903676470587)
http://dbpedia.org/ontology/MilitaryStructure	(64.70118124999999,	0.7611903676470587)
http://dbpedia.org/ontology/Shrine	(64.70118124999999,	0.7611903676470587)
http://dbpedia.org/ontology/HistoricPlace	(64.70118124999999,	0.7611903676470587)
http://dbpedia.org/ontology/Restaurant	(64.70118124999999,	0.7611903676470587)
http://dbpedia.org/ontology/HistoricBuilding	(64.70118124999999,	0.7611903676470587)
http://dbpedia.org/ontology/Community	(64.70118124999999,	0.7611903676470587)
http://dbpedia.org/ontology/Church	(64.70118124999999,	0.7611903676470587)
http://dbpedia.org/ontology/Bridge	(64.70118124999999,	0.7611903676470587)
http://dbpedia.org/ontology/WineRegion	(64.70118124999999,	0.7611903676470587)
http://dbpedia.org/ontology/Prison	(64.70118124999999,	0.7611903676470587)
http://dbpedia.org/ontology/Hospital	(64.70118124999999,	0.7611903676470587)
http://dbpedia.org/ontology/Infrastructure	(64.70118124999999,	0.7611903676470587)
http://dbpedia.org/ontology/SportFacility	(64.70118124999999,	0.7611903676470587)
http://dbpedia.org/ontology/Hotel	(64.70118124999999,	0.7611903676470587)
http://dbpedia.org/ontology/RailwayStation	(64.70118124999999,	0.7611903676470587)
http://dbpedia.org/ontology/WindMotor	(64.70118124999999,	0.7611903676470587)
http://dbpedia.org/ontology/Abbey	(64.70118124999999,	0.7611903676470587)
http://dbpedia.org/ontology/Factory	(64.70118124999999,	0.7611903676470587)
http://dbpedia.org/ontology/ShoppingMall	(64.70118124999999,	0.7611903676470587)
http://dbpedia.org/ontology/PublicTransitSystem	(64.70118124999999,	0.7611903676470587)
http://dbpedia.org/ontology/RoadJunction	(64.70118124999999,	0.7611903676470587)
http://dbpedia.org/ontology/Casino	(64.70118124999999,	0.7611903676470587)
http://dbpedia.org/ontology/Watermill	(64.70118124999999,	0.7611903676470587)
http://dbpedia.org/ontology/Skyscraper	(64.70118124999999,	0.7611903676470587)
http://dbpedia.org/ontology/Mill	(64.70118124999999,	0.7611903676470587)
http://dbpedia.org/ontology/SiteOfSpecialScientificInterest	(64.70118124999999,	0.7611903676470587)
http://dbpedia.org/ontology/Stadium	(64.70118124999999,	0.7611903676470587)
http://dbpedia.org/ontology/SkiResort	(64.70118124999999,	0.7611903676470587)
http://dbpedia.org/ontology/RailwayTunnel	(64.70118124999999,	0.7611903676470587)
http://dbpedia.org/ontology/HotSpring	(64.70118124999999,	0.7611903676470587)
http://dbpedia.org/ontology/RailwayLine	(64.70118124999999,	0.7611903676470587)
http://dbpedia.org/ontology/RaceTrack	(64.70118124999999,	0.7611903676470587)
http://dbpedia.org/ontology/Racecourse	(64.70118124999999,	0.7611903676470587)
http://dbpedia.org/ontology/Venue	(64.70118124999999,	0.7611903676470587)
http://dbpedia.org/ontology/Temple	(64.70118124999999,	0.7611903676470587)
http://dbpedia.org/ontology/RoadTunnel	(64.70118124999999,	0.7611903676470587)
http://dbpedia.org/ontology/WorldHeritageSite	(64.70118124999999,	0.7611903676470587)
http://dbpedia.org/ontology/LaunchPad	(64.70118124999999,	0.7611903676470587)
http://dbpedia.org/ontology/Castle	(64.70118124999999,	0.7611903676470587)
http://dbpedia.org/ontology/Building	(64.70118124999999,	0.7611903676470587)
http://dbpedia.org/ontology/Monastery	(64.70118124999999,	0.7611903676470587)
http://dbpedia.org/ontology/SkiArea	(64.70118124999999,	0.7611903676470587)
http://dbpedia.org/ontology/NoteworthyPartOfBuilding	(64.70118124999999,	0.7611903676470587)
http://dbpedia.org/ontology/WaterTower	(64.70118124999999,	0.7611903676470587)
http://dbpedia.org/ontology/Place	(64.70118124999999,	0.7611903676470587)
http://dbpedia.org/ontology/Arena	(64.70118124999999,	0.7611903676470587)
http://dbpedia.org/ontology/MountainPass	(64.70118124999999,	0.7611903676470587)
http://dbpedia.org/ontology/RouteOfTransportation	(64.70118124999999,	0.7611903676470587)
http://dbpedia.org/ontology/Lighthouse	(64.70118124999999,	0.7611903676470587)
UNTYPED	(5.0,	0.058823529411764705)
http://dbpedia.org/ontology/HandballPlayer	(0.0,	0.0)
http://dbpedia.org/ontology/Airline	(0.0,	0.0)
http://dbpedia.org/ontology/RugbyPlayer	(0.0,	0.0)
http://dbpedia.org/ontology/Database	(0.0,	0.0)
http://dbpedia.org/ontology/PoloLeague	(0.0,	0.0)
http://dbpedia.org/ontology/FootballMatch	(0.0,	0.0)
http://dbpedia.org/ontology/Genre	(0.0,	0.0)
http://dbpedia.org/ontology/GovernmentType	(0.0,	0.0)
http://dbpedia.org/ontology/Language	(0.0,	0.0)
http://dbpedia.org/ontology/ArtistDiscography	(0.0,	0.0)
http://dbpedia.org/ontology/SoftballLeague	(0.0,	0.0)
http://dbpedia.org/ontology/Broadcaster	(0.0,	0.0)
http://dbpedia.org/ontology/Mayor	(0.0,	0.0)
http://dbpedia.org/ontology/LegalCase	(0.0,	0.0)
http://dbpedia.org/ontology/ComicsCharacter	(0.0,	0.0)
http://dbpedia.org/ontology/RacingDriver	(0.0,	0.0)
http://dbpedia.org/ontology/Spacecraft	(0.0,	0.0)
http://dbpedia.org/ontology/AmericanFootballTeam	(0.0,	0.0)
http://dbpedia.org/ontology/MusicGenre	(0.0,	0.0)
http://dbpedia.org/ontology/Planet	(0.0,	0.0)
http://dbpedia.org/ontology/Curler	(0.0,	0.0)
http://dbpedia.org/ontology/Holiday	(0.0,	0.0)
http://dbpedia.org/ontology/Star	(0.0,	0.0)
http://dbpedia.org/ontology/College	(0.0,	0.0)
http://dbpedia.org/ontology/Gymnast	(0.0,	0.0)
http://dbpedia.org/ontology/VolleyballPlayer	(0.0,	0.0)
http://dbpedia.org/ontology/Single	(0.0,	0.0)
http://dbpedia.org/ontology/Cleric	(0.0,	0.0)
http://dbpedia.org/ontology/SportsTeamMember	(0.0,	0.0)
http://dbpedia.org/ontology/OlympicEvent	(0.0,	0.0)
http://dbpedia.org/ontology/Sculpture	(0.0,	0.0)
http://dbpedia.org/ontology/Weapon	(0.0,	0.0)
http://dbpedia.org/ontology/Lymph	(0.0,	0.0)
http://dbpedia.org/ontology/NCAATeamSeason	(0.0,	0.0)
http://dbpedia.org/ontology/GolfPlayer	(0.0,	0.0)
http://dbpedia.org/ontology/TableTennisPlayer	(0.0,	0.0)
http://dbpedia.org/ontology/Sculptor	(0.0,	0.0)
http://dbpedia.org/ontology/TelevisionHost	(0.0,	0.0)
http://dbpedia.org/ontology/AutomobileEngine	(0.0,	0.0)
http://dbpedia.org/ontology/TeamMember	(0.0,	0.0)
http://dbpedia.org/ontology/Bone	(0.0,	0.0)
http://dbpedia.org/ontology/WomensTennisAssociationTournament	(0.0,	0.0)
http://dbpedia.org/ontology/BoxingLeague	(0.0,	0.0)
http://dbpedia.org/ontology/MovieGenre	(0.0,	0.0)
http://dbpedia.org/ontology/SpeedwayRider	(0.0,	0.0)
http://dbpedia.org/ontology/MultiVolumePublication	(0.0,	0.0)
http://dbpedia.org/ontology/Priest	(0.0,	0.0)
http://dbpedia.org/ontology/Brain	(0.0,	0.0)
http://dbpedia.org/ontology/Sales	(0.0,	0.0)
http://dbpedia.org/ontology/Manhwa	(0.0,	0.0)
http://dbpedia.org/ontology/MotorcycleRacingLeague	(0.0,	0.0)
http://dbpedia.org/ontology/AmateurBoxer	(0.0,	0.0)
http://dbpedia.org/ontology/Mollusca	(0.0,	0.0)
http://dbpedia.org/ontology/NascarDriver	(0.0,	0.0)
http://dbpedia.org/ontology/Ginkgo	(0.0,	0.0)
http://dbpedia.org/ontology/Colour	(0.0,	0.0)
http://dbpedia.org/ontology/PublicServiceOutput	(0.0,	0.0)
http://dbpedia.org/ontology/GivenName	(0.0,	0.0)
http://dbpedia.org/ontology/cidoccrm:E4_Period	(0.0,	0.0)
http://dbpedia.org/ontology/ChessPlayer	(0.0,	0.0)
http://dbpedia.org/ontology/TennisLeague	(0.0,	0.0)
http://dbpedia.org/ontology/Decoration	(0.0,	0.0)
http://dbpedia.org/ontology/Openswarm	(0.0,	0.0)
http://dbpedia.org/ontology/HockeyTeam	(0.0,	0.0)
http://dbpedia.org/ontology/BullFighter	(0.0,	0.0)
http://dbpedia.org/ontology/Mineral	(0.0,	0.0)
http://dbpedia.org/ontology/Ideology	(0.0,	0.0)
http://dbpedia.org/ontology/Library	(0.0,	0.0)
http://dbpedia.org/ontology/Artist	(0.0,	0.0)
http://dbpedia.org/ontology/MusicalWork	(0.0,	0.0)
http://dbpedia.org/ontology/CollegeCoach	(0.0,	0.0)
http://dbpedia.org/ontology/Athlete	(0.0,	0.0)
http://dbpedia.org/ontology/FashionDesigner	(0.0,	0.0)
http://dbpedia.org/ontology/MilitaryConflict	(0.0,	0.0)
http://dbpedia.org/ontology/Artery	(0.0,	0.0)
http://dbpedia.org/ontology/Cricketer	(0.0,	0.0)
http://dbpedia.org/ontology/Resume	(0.0,	0.0)
http://dbpedia.org/ontology/Person	(0.0,	0.0)
http://dbpedia.org/ontology/VicePrimeMinister	(0.0,	0.0)
http://dbpedia.org/ontology/AcademicJournal	(0.0,	0.0)
http://dbpedia.org/ontology/Presenter	(0.0,	0.0)
http://dbpedia.org/ontology/SpaceMission	(0.0,	0.0)
http://dbpedia.org/ontology/Bird	(0.0,	0.0)
http://dbpedia.org/ontology/CyclingTeam	(0.0,	0.0)
http://dbpedia.org/ontology/Grape	(0.0,	0.0)
http://dbpedia.org/ontology/ClubMoss	(0.0,	0.0)
http://dbpedia.org/ontology/CanadianFootballTeam	(0.0,	0.0)
http://dbpedia.org/ontology/FictionalCharacter	(0.0,	0.0)
http://dbpedia.org/ontology/Listen	(0.0,	0.0)
http://dbpedia.org/ontology/Blazon	(0.0,	0.0)
http://dbpedia.org/ontology/NationalFootballLeagueSeason	(0.0,	0.0)
http://dbpedia.org/ontology/Magazine	(0.0,	0.0)
http://dbpedia.org/ontology/MouseGeneLocation	(0.0,	0.0)
http://dbpedia.org/ontology/VolleyballCoach	(0.0,	0.0)
http://dbpedia.org/ontology/OrganisationMember	(0.0,	0.0)
http://dbpedia.org/ontology/MartialArtist	(0.0,	0.0)
http://dbpedia.org/ontology/LacrosseLeague	(0.0,	0.0)
http://dbpedia.org/ontology/Mammal	(0.0,	0.0)
http://dbpedia.org/ontology/Gnetophytes	(0.0,	0.0)
http://dbpedia.org/ontology/GeneLocation	(0.0,	0.0)
http://dbpedia.org/ontology/Moss	(0.0,	0.0)
http://dbpedia.org/ontology/RecordLabel	(0.0,	0.0)
http://dbpedia.org/ontology/Host	(0.0,	0.0)
http://dbpedia.org/ontology/NationalCollegiateAthleticAssociationAthlete	(0.0,	0.0)
http://dbpedia.org/ontology/Bacteria	(0.0,	0.0)
http://dbpedia.org/ontology/LineOfFashion	(0.0,	0.0)
http://dbpedia.org/ontology/Agent	(0.0,	0.0)
http://dbpedia.org/ontology/wgs84_pos:SpatialThing	(0.0,	0.0)
http://dbpedia.org/ontology/Newspaper	(0.0,	0.0)
http://dbpedia.org/ontology/FilmFestival	(0.0,	0.0)
http://dbpedia.org/ontology/PrimeMinister	(0.0,	0.0)
http://dbpedia.org/ontology/Painting	(0.0,	0.0)
http://dbpedia.org/ontology/AutoRacingLeague	(0.0,	0.0)
http://dbpedia.org/ontology/BaseballPlayer	(0.0,	0.0)
http://dbpedia.org/ontology/SoccerClub	(0.0,	0.0)
http://dbpedia.org/ontology/CurlingLeague	(0.0,	0.0)
http://dbpedia.org/ontology/AnimangaCharacter	(0.0,	0.0)
http://dbpedia.org/ontology/GeopoliticalOrganisation	(0.0,	0.0)
http://dbpedia.org/ontology/TelevisionShow	(0.0,	0.0)
http://dbpedia.org/ontology/Election	(0.0,	0.0)
http://dbpedia.org/ontology/MusicalArtist	(0.0,	0.0)
http://dbpedia.org/ontology/Plant	(0.0,	0.0)
http://dbpedia.org/ontology/FieldHockeyLeague	(0.0,	0.0)
http://dbpedia.org/ontology/GovernmentAgency	(0.0,	0.0)
http://dbpedia.org/ontology/SoccerTournament	(0.0,	0.0)
http://dbpedia.org/ontology/MilitaryPerson	(0.0,	0.0)
http://dbpedia.org/ontology/MilitaryUnit	(0.0,	0.0)
http://dbpedia.org/ontology/Animal	(0.0,	0.0)
http://dbpedia.org/ontology/SoccerPlayer	(0.0,	0.0)
http://dbpedia.org/ontology/MixedMartialArtsEvent	(0.0,	0.0)
http://dbpedia.org/ontology/BasketballPlayer	(0.0,	0.0)
http://dbpedia.org/ontology/LawFirm	(0.0,	0.0)
http://dbpedia.org/ontology/Species	(0.0,	0.0)
http://dbpedia.org/ontology/TimePeriod	(0.0,	0.0)
http://dbpedia.org/ontology/GridironFootballPlayer	(0.0,	0.0)
http://dbpedia.org/ontology/ProtohistoricalPeriod	(0.0,	0.0)
http://dbpedia.org/ontology/Device	(0.0,	0.0)
http://dbpedia.org/ontology/Bodybuilder	(0.0,	0.0)
http://dbpedia.org/ontology/Gene	(0.0,	0.0)
http://dbpedia.org/ontology/Drama	(0.0,	0.0)
http://dbpedia.org/ontology/Lieutenant	(0.0,	0.0)
http://dbpedia.org/ontology/Cycad	(0.0,	0.0)
http://dbpedia.org/ontology/ClericalOrder	(0.0,	0.0)
http://dbpedia.org/ontology/Legislature	(0.0,	0.0)
http://dbpedia.org/ontology/Fern	(0.0,	0.0)
http://dbpedia.org/ontology/Murderer	(0.0,	0.0)
http://dbpedia.org/ontology/Automobile	(0.0,	0.0)
http://dbpedia.org/ontology/BaseballLeague	(0.0,	0.0)
http://dbpedia.org/ontology/Amphibian	(0.0,	0.0)
http://dbpedia.org/ontology/ComicsCreator	(0.0,	0.0)
http://dbpedia.org/ontology/Swarm	(0.0,	0.0)
http://dbpedia.org/ontology/SpeedwayTeam	(0.0,	0.0)
http://dbpedia.org/ontology/HandballLeague	(0.0,	0.0)
http://dbpedia.org/ontology/Unknown	(0.0,	0.0)
http://dbpedia.org/ontology/Professor	(0.0,	0.0)
http://dbpedia.org/ontology/PlayboyPlaymate	(0.0,	0.0)
http://dbpedia.org/ontology/Wine	(0.0,	0.0)
http://dbpedia.org/ontology/AustralianFootballLeague	(0.0,	0.0)
http://dbpedia.org/ontology/TennisTournament	(0.0,	0.0)
http://dbpedia.org/ontology/Train	(0.0,	0.0)
http://dbpedia.org/ontology/Band	(0.0,	0.0)
http://dbpedia.org/ontology/Pornstar	(0.0,	0.0)
http://dbpedia.org/ontology/InformationAppliance	(0.0,	0.0)
http://dbpedia.org/ontology/AustralianRulesFootballPlayer	(0.0,	0.0)
http://dbpedia.org/ontology/Crustacean	(0.0,	0.0)
http://dbpedia.org/ontology/Publisher	(0.0,	0.0)
http://dbpedia.org/ontology/Insect	(0.0,	0.0)
http://dbpedia.org/ontology/SoapCharacter	(0.0,	0.0)
http://dbpedia.org/ontology/GeologicalPeriod	(0.0,	0.0)
http://dbpedia.org/ontology/DartsPlayer	(0.0,	0.0)
http://dbpedia.org/ontology/Aircraft	(0.0,	0.0)
http://dbpedia.org/ontology/SoccerLeagueSeason	(0.0,	0.0)
http://dbpedia.org/ontology/Manhua	(0.0,	0.0)
http://dbpedia.org/ontology/Chancellor	(0.0,	0.0)
http://dbpedia.org/ontology/WrestlingEvent	(0.0,	0.0)
http://dbpedia.org/ontology/PoliticalParty	(0.0,	0.0)
http://dbpedia.org/ontology/SpaceShuttle	(0.0,	0.0)
http://dbpedia.org/ontology/RadioStation	(0.0,	0.0)
http://dbpedia.org/ontology/BeautyQueen	(0.0,	0.0)
http://dbpedia.org/ontology/Award	(0.0,	0.0)
http://dbpedia.org/ontology/ResearchProject	(0.0,	0.0)
http://dbpedia.org/ontology/BasketballLeague	(0.0,	0.0)
http://dbpedia.org/ontology/University	(0.0,	0.0)
http://dbpedia.org/ontology/Scientist	(0.0,	0.0)
http://dbpedia.org/ontology/Judge	(0.0,	0.0)
http://dbpedia.org/ontology/FormulaOneRacing	(0.0,	0.0)
http://dbpedia.org/ontology/Boxer	(0.0,	0.0)
http://dbpedia.org/ontology/Parish__Deanery	(0.0,	0.0)
http://dbpedia.org/ontology/Installment	(0.0,	0.0)
http://dbpedia.org/ontology/VicePresident	(0.0,	0.0)
http://dbpedia.org/ontology/NationalSoccerClub	(0.0,	0.0)
http://dbpedia.org/ontology/VolleyballLeague	(0.0,	0.0)
http://dbpedia.org/ontology/Astronaut	(0.0,	0.0)
http://dbpedia.org/ontology/PolishKing	(0.0,	0.0)
http://dbpedia.org/ontology/ControlledDesignationOfOriginWine	(0.0,	0.0)
http://dbpedia.org/ontology/FootballLeagueSeason	(0.0,	0.0)
http://dbpedia.org/ontology/ChristianBishop	(0.0,	0.0)
http://dbpedia.org/ontology/Event	(0.0,	0.0)
http://dbpedia.org/ontology/CultivatedVariety	(0.0,	0.0)
http://dbpedia.org/ontology/BasketballTeam	(0.0,	0.0)
http://dbpedia.org/ontology/GreenAlga	(0.0,	0.0)
http://dbpedia.org/ontology/Song	(0.0,	0.0)
http://dbpedia.org/ontology/Cartoon	(0.0,	0.0)
http://dbpedia.org/ontology/ChristianPatriarch	(0.0,	0.0)
http://dbpedia.org/ontology/CollectionOfValuables	(0.0,	0.0)
http://dbpedia.org/ontology/Royalty	(0.0,	0.0)
http://dbpedia.org/ontology/SportsSeason	(0.0,	0.0)
http://dbpedia.org/ontology/VideoGame	(0.0,	0.0)
http://dbpedia.org/ontology/Criminal	(0.0,	0.0)
http://dbpedia.org/ontology/Rocket	(0.0,	0.0)
http://dbpedia.org/ontology/Archaea	(0.0,	0.0)
http://dbpedia.org/ontology/TelevisionStation	(0.0,	0.0)
http://dbpedia.org/ontology/Saint	(0.0,	0.0)
http://dbpedia.org/ontology/Ambassador	(0.0,	0.0)
http://dbpedia.org/ontology/Manga	(0.0,	0.0)
http://dbpedia.org/ontology/Monastry	(0.0,	0.0)
http://dbpedia.org/ontology/Politician	(0.0,	0.0)
http://dbpedia.org/ontology/Letter	(0.0,	0.0)
http://dbpedia.org/ontology/Pope	(0.0,	0.0)
http://dbpedia.org/ontology/RugbyClub	(0.0,	0.0)
http://dbpedia.org/ontology/PublicServiceInput	(0.0,	0.0)
http://dbpedia.org/ontology/TennisPlayer	(0.0,	0.0)
http://dbpedia.org/ontology/Chef	(0.0,	0.0)
http://dbpedia.org/ontology/Jockey	(0.0,	0.0)
http://dbpedia.org/ontology/IceHockeyPlayer	(0.0,	0.0)
http://dbpedia.org/ontology/School	(0.0,	0.0)
http://dbpedia.org/ontology/MotorsportSeason	(0.0,	0.0)
http://dbpedia.org/ontology/HorseTrainer	(0.0,	0.0)
http://dbpedia.org/ontology/HollywoodCartoon	(0.0,	0.0)
http://dbpedia.org/ontology/Cardinal	(0.0,	0.0)
http://dbpedia.org/ontology/Vein	(0.0,	0.0)
http://dbpedia.org/ontology/Monarch	(0.0,	0.0)
http://dbpedia.org/ontology/FormulaOneRacer	(0.0,	0.0)
http://dbpedia.org/ontology/Flag	(0.0,	0.0)
http://dbpedia.org/ontology/Work	(0.0,	0.0)
http://dbpedia.org/ontology/OfficeHolder	(0.0,	0.0)
http://dbpedia.org/ontology/Camera	(0.0,	0.0)
http://dbpedia.org/ontology/Imdb	(0.0,	0.0)
http://dbpedia.org/ontology/HumanGeneLocation	(0.0,	0.0)
http://dbpedia.org/ontology/Medician	(0.0,	0.0)
http://dbpedia.org/ontology/GaelicGamesPlayer	(0.0,	0.0)
http://dbpedia.org/ontology/Project	(0.0,	0.0)
http://dbpedia.org/ontology/CyclingLeague	(0.0,	0.0)
http://dbpedia.org/ontology/VoiceActor	(0.0,	0.0)
http://dbpedia.org/ontology/Muscle	(0.0,	0.0)
http://dbpedia.org/ontology/Food	(0.0,	0.0)
http://dbpedia.org/ontology/Novel	(0.0,	0.0)
http://dbpedia.org/ontology/BloodType	(0.0,	0.0)
http://dbpedia.org/ontology/CyclingCompetition	(0.0,	0.0)
http://dbpedia.org/ontology/Biomolecule	(0.0,	0.0)
http://dbpedia.org/ontology/Eukaryote	(0.0,	0.0)
http://dbpedia.org/ontology/MixedMartialArtsLeague	(0.0,	0.0)
http://dbpedia.org/ontology/Cyclist	(0.0,	0.0)
http://dbpedia.org/ontology/Fashion	(0.0,	0.0)
http://dbpedia.org/ontology/Non-ProfitOrganisation	(0.0,	0.0)
http://dbpedia.org/ontology/Referee	(0.0,	0.0)
http://dbpedia.org/ontology/IceHockeyLeague	(0.0,	0.0)
http://dbpedia.org/ontology/OntologyClass:Foaf:Document	(0.0,	0.0)
http://dbpedia.org/ontology/Journalist	(0.0,	0.0)
http://dbpedia.org/ontology/Deity	(0.0,	0.0)
http://dbpedia.org/ontology/SportsTeam	(0.0,	0.0)
http://dbpedia.org/ontology/SystemOfLaw	(0.0,	0.0)
http://dbpedia.org/ontology/Ship	(0.0,	0.0)
http://dbpedia.org/ontology/RugbyLeague	(0.0,	0.0)
http://dbpedia.org/ontology/Company	(0.0,	0.0)
http://dbpedia.org/ontology/FloweringPlant	(0.0,	0.0)
http://dbpedia.org/ontology/LightNovel	(0.0,	0.0)
http://dbpedia.org/ontology/Swimmer	(0.0,	0.0)
http://dbpedia.org/ontology/ProgrammingLanguage	(0.0,	0.0)
http://dbpedia.org/ontology/SambaSchool	(0.0,	0.0)
http://dbpedia.org/ontology/Anime	(0.0,	0.0)
http://dbpedia.org/ontology/Actor	(0.0,	0.0)
http://dbpedia.org/ontology/Beer	(0.0,	0.0)
http://dbpedia.org/ontology/SportsEvent	(0.0,	0.0)
http://dbpedia.org/ontology/Economist	(0.0,	0.0)
http://dbpedia.org/ontology/UnitOfWork	(0.0,	0.0)
http://dbpedia.org/ontology/Aristocrat	(0.0,	0.0)
http://dbpedia.org/ontology/Embryology	(0.0,	0.0)
http://dbpedia.org/ontology/Fungus	(0.0,	0.0)
http://dbpedia.org/ontology/MusicFestival	(0.0,	0.0)
http://dbpedia.org/ontology/TelevisionShow__FictionalCharacter	(0.0,	0.0)
http://dbpedia.org/ontology/EthnicGroup	(0.0,	0.0)
http://dbpedia.org/ontology/Year	(0.0,	0.0)
http://dbpedia.org/ontology/Beverage	(0.0,	0.0)
http://dbpedia.org/ontology/TrackList	(0.0,	0.0)
http://dbpedia.org/ontology/Fish	(0.0,	0.0)
http://dbpedia.org/ontology/List	(0.0,	0.0)
http://dbpedia.org/ontology/Sport	(0.0,	0.0)
http://dbpedia.org/ontology/Skater	(0.0,	0.0)
http://dbpedia.org/ontology/SportsLeague	(0.0,	0.0)
http://dbpedia.org/ontology/Album	(0.0,	0.0)
http://dbpedia.org/ontology/SoccerClubSeason	(0.0,	0.0)
http://dbpedia.org/ontology/Skier	(0.0,	0.0)
http://dbpedia.org/ontology/Philosopher	(0.0,	0.0)
http://dbpedia.org/ontology/Software	(0.0,	0.0)
http://dbpedia.org/ontology/SportsManager	(0.0,	0.0)
http://dbpedia.org/ontology/Celebrity	(0.0,	0.0)
http://dbpedia.org/ontology/SoccerManager	(0.0,	0.0)
http://dbpedia.org/ontology/Enzyme	(0.0,	0.0)
http://dbpedia.org/ontology/Noble	(0.0,	0.0)
http://dbpedia.org/ontology/MemberOfParliament	(0.0,	0.0)
http://dbpedia.org/ontology/Senator	(0.0,	0.0)
http://dbpedia.org/ontology/Galaxy	(0.0,	0.0)
http://dbpedia.org/ontology/BoardGame	(0.0,	0.0)
http://dbpedia.org/ontology/RadioHost	(0.0,	0.0)
http://dbpedia.org/ontology/Asteroid	(0.0,	0.0)
http://dbpedia.org/ontology/EurovisionSongContestEntry	(0.0,	0.0)
http://dbpedia.org/ontology/Family	(0.0,	0.0)
http://dbpedia.org/ontology/InlineHockeyLeague	(0.0,	0.0)
http://dbpedia.org/ontology/ChristianDoctrine	(0.0,	0.0)
http://dbpedia.org/ontology/Race	(0.0,	0.0)
http://dbpedia.org/ontology/Tax	(0.0,	0.0)
http://dbpedia.org/ontology/PokerPlayer	(0.0,	0.0)
http://dbpedia.org/ontology/GrandPrix	(0.0,	0.0)
http://dbpedia.org/ontology/Athlete__CareerStation	(0.0,	0.0)
http://dbpedia.org/ontology/Drug	(0.0,	0.0)
http://dbpedia.org/ontology/Surname	(0.0,	0.0)
http://dbpedia.org/ontology/BroadcastNetwork	(0.0,	0.0)
http://dbpedia.org/ontology/PeriodOfArtisticStyle	(0.0,	0.0)
http://dbpedia.org/ontology/RadioProgram	(0.0,	0.0)
http://dbpedia.org/ontology/Painter	(0.0,	0.0)
http://dbpedia.org/ontology/CanadianFootballLeague	(0.0,	0.0)
http://dbpedia.org/ontology/Name	(0.0,	0.0)
http://dbpedia.org/ontology/Religious	(0.0,	0.0)
http://dbpedia.org/ontology/President	(0.0,	0.0)
http://dbpedia.org/ontology/WrittenWork	(0.0,	0.0)
http://dbpedia.org/ontology/Architect	(0.0,	0.0)
http://dbpedia.org/ontology/HistoricalPeriod	(0.0,	0.0)
http://dbpedia.org/ontology/Musical	(0.0,	0.0)
http://dbpedia.org/ontology/Olympics	(0.0,	0.0)
http://dbpedia.org/ontology/MouseGene	(0.0,	0.0)
http://dbpedia.org/ontology/BadmintonPlayer	(0.0,	0.0)
http://dbpedia.org/ontology/CricketLeague	(0.0,	0.0)
http://dbpedia.org/ontology/Group	(0.0,	0.0)
http://dbpedia.org/ontology/Organisation	(0.0,	0.0)
http://dbpedia.org/ontology/Reptile	(0.0,	0.0)
http://dbpedia.org/ontology/CanadianFootballPlayer	(0.0,	0.0)
http://dbpedia.org/ontology/Protein	(0.0,	0.0)
http://dbpedia.org/ontology/Governor	(0.0,	0.0)
http://dbpedia.org/ontology/SportsTeamSeason	(0.0,	0.0)
http://dbpedia.org/ontology/Engineer	(0.0,	0.0)
http://dbpedia.org/ontology/BowlingLeague	(0.0,	0.0)
http://dbpedia.org/ontology/Deputy	(0.0,	0.0)
http://dbpedia.org/ontology/PenaltyShootOut	(0.0,	0.0)
http://dbpedia.org/ontology/SpeedwayLeague	(0.0,	0.0)
http://dbpedia.org/ontology/Convention	(0.0,	0.0)
http://dbpedia.org/ontology/SnookerPlayer	(0.0,	0.0)
http://dbpedia.org/ontology/Model	(0.0,	0.0)
http://dbpedia.org/ontology/Case	(0.0,	0.0)
http://dbpedia.org/ontology/Nerve	(0.0,	0.0)
http://dbpedia.org/ontology/AmericanFootballPlayer	(0.0,	0.0)
http://dbpedia.org/ontology/PrehistoricalPeriod	(0.0,	0.0)
http://dbpedia.org/ontology/OlympicResult	(0.0,	0.0)
http://dbpedia.org/ontology/Activity	(0.0,	0.0)
http://dbpedia.org/ontology/CelestialBody	(0.0,	0.0)
http://dbpedia.org/ontology/Currency	(0.0,	0.0)
http://dbpedia.org/ontology/Diocese__Parish	(0.0,	0.0)
http://dbpedia.org/ontology/TradeUnion	(0.0,	0.0)
http://dbpedia.org/ontology/SoccerLeague	(0.0,	0.0)
http://dbpedia.org/ontology/YearInSpaceflight	(0.0,	0.0)
http://dbpedia.org/ontology/Film	(0.0,	0.0)
http://dbpedia.org/ontology/DigitalCamera	(0.0,	0.0)
http://dbpedia.org/ontology/Polyhedron	(0.0,	0.0)
http://dbpedia.org/ontology/Comics	(0.0,	0.0)
http://dbpedia.org/ontology/Congressman	(0.0,	0.0)
http://dbpedia.org/ontology/ChemicalElement	(0.0,	0.0)
http://dbpedia.org/ontology/Ligament	(0.0,	0.0)
http://dbpedia.org/ontology/Constellation	(0.0,	0.0)
http://dbpedia.org/ontology/SquashPlayer	(0.0,	0.0)
http://dbpedia.org/ontology/SumoWrestler	(0.0,	0.0)
http://dbpedia.org/ontology/TelevisionEpisode	(0.0,	0.0)
http://dbpedia.org/ontology/Cheese	(0.0,	0.0)
http://dbpedia.org/ontology/Comic	(0.0,	0.0)
http://dbpedia.org/ontology/Wrestler	(0.0,	0.0)
http://dbpedia.org/ontology/TelevisionSeason	(0.0,	0.0)
http://dbpedia.org/ontology/Website	(0.0,	0.0)
http://dbpedia.org/ontology/Comedian	(0.0,	0.0)
http://dbpedia.org/ontology/LacrossePlayer	(0.0,	0.0)
http://dbpedia.org/ontology/Conifer	(0.0,	0.0)
http://dbpedia.org/ontology/SnookerChamp	(0.0,	0.0)
http://dbpedia.org/ontology/PublicService	(0.0,	0.0)
http://dbpedia.org/ontology/Writer	(0.0,	0.0)
http://dbpedia.org/ontology/Dog	(0.0,	0.0)
http://dbpedia.org/ontology/Disease	(0.0,	0.0)
http://dbpedia.org/ontology/Artwork	(0.0,	0.0)
http://dbpedia.org/ontology/Globularswarm	(0.0,	0.0)
http://dbpedia.org/ontology/BiologicalDatabase	(0.0,	0.0)
http://dbpedia.org/ontology/PaintballLeague	(0.0,	0.0)
http://dbpedia.org/ontology/AnatomicalStructure	(0.0,	0.0)
http://dbpedia.org/ontology/FigureSkater	(0.0,	0.0)
http://dbpedia.org/ontology/PeriodicalLiterature	(0.0,	0.0)
http://dbpedia.org/ontology/MeanOfTransportation	(0.0,	0.0)
http://dbpedia.org/ontology/Game	(0.0,	0.0)
http://dbpedia.org/ontology/Play	(0.0,	0.0)
http://dbpedia.org/ontology/ComedyGroup	(0.0,	0.0)
http://dbpedia.org/ontology/PersonFunction	(0.0,	0.0)
http://dbpedia.org/ontology/AmericanFootballLeague	(0.0,	0.0)
http://dbpedia.org/ontology/ChemicalSubstance	(0.0,	0.0)
http://dbpedia.org/ontology/SpaceStation	(0.0,	0.0)
http://dbpedia.org/ontology/GolfLeague	(0.0,	0.0)
http://dbpedia.org/ontology/BaseballTeam	(0.0,	0.0)
http://dbpedia.org/ontology/ChemicalCompound	(0.0,	0.0)
http://dbpedia.org/ontology/BeachVolleyballPlayer	(0.0,	0.0)
http://dbpedia.org/ontology/MotorcycleRider	(0.0,	0.0)
http://dbpedia.org/ontology/SupremeCourtOfTheUnitedStatesCase	(0.0,	0.0)
http://dbpedia.org/ontology/TopicalConcept	(0.0,	0.0)
http://dbpedia.org/ontology/Opera	(0.0,	0.0)
http://dbpedia.org/ontology/BritishRoyalty	(0.0,	0.0)
http://dbpedia.org/ontology/CareerStation	(0.0,	0.0)
http://dbpedia.org/ontology/VideogamesLeague	(0.0,	0.0)
http://dbpedia.org/ontology/Locomotive	(0.0,	0.0)
http://dbpedia.org/ontology/Arachnid	(0.0,	0.0)
http://dbpedia.org/ontology/AdultActor	(0.0,	0.0)
http://dbpedia.org/ontology/SnookerWorldRanking	(0.0,	0.0)
http://dbpedia.org/ontology/NetballPlayer	(0.0,	0.0)
http://dbpedia.org/ontology/HumanGene	(0.0,	0.0)
http://dbpedia.org/ontology/Book	(0.0,	0.0)
http://dbpedia.org/ontology/RadioControlledRacingLeague	(0.0,	0.0)
http://dbpedia.org/ontology/SportCompetitionResult	(0.0,	0.0)
http://dbpedia.org/ontology/EducationalInstitution	(0.0,	0.0)
http://dbpedia.org/ontology/RaceHorse	(0.0,	0.0)
======  RANGE PREFERENCE ================================
http://dbpedia.org/ontology/Diocese	(104.30000000000001,	0.9933333333333334)
http://dbpedia.org/ontology/Parish	(104.30000000000001,	0.9933333333333334)
http://dbpedia.org/ontology/DistrictWaterBoard	(104.30000000000001,	0.9933333333333334)
http://dbpedia.org/ontology/ClericalAdministrativeRegion	(104.30000000000001,	0.9933333333333334)
http://dbpedia.org/ontology/Regency	(104.30000000000001,	0.9933333333333334)
http://dbpedia.org/ontology/GovernmentalAdministrativeRegion	(104.30000000000001,	0.9933333333333334)
http://dbpedia.org/ontology/District	(104.30000000000001,	0.9933333333333334)
http://dbpedia.org/ontology/Deanery	(104.30000000000001,	0.9933333333333334)
http://dbpedia.org/ontology/Province	(104.30000000000001,	0.9933333333333334)
http://dbpedia.org/ontology/SubMunicipality	(104.30000000000001,	0.9933333333333334)
http://dbpedia.org/ontology/Municipality	(104.30000000000001,	0.9933333333333334)
http://dbpedia.org/ontology/AdministrativeRegion	(104.30000000000001,	0.9933333333333334)
http://dbpedia.org/ontology/Region	(99.75,	0.95)
http://dbpedia.org/ontology/NaturalRegion	(99.75,	0.95)
http://dbpedia.org/ontology/City	(96.1275,	0.9155)
http://dbpedia.org/ontology/CityDistrict	(96.1275,	0.9155)
http://dbpedia.org/ontology/Town	(96.1275,	0.9155)
http://dbpedia.org/ontology/Settlement	(96.1275,	0.9155)
http://dbpedia.org/ontology/Village	(96.1275,	0.9155)
http://dbpedia.org/ontology/IranSettlement	(96.1275,	0.9155)
http://dbpedia.org/ontology/Continent	(95.4275,	0.9088333333333333)
http://dbpedia.org/ontology/Prefecture	(95.4275,	0.9088333333333333)
http://dbpedia.org/ontology/Department	(95.4275,	0.9088333333333333)
http://dbpedia.org/ontology/Territory	(95.4275,	0.9088333333333333)
http://dbpedia.org/ontology/Locality	(95.4275,	0.9088333333333333)
http://dbpedia.org/ontology/Country	(95.4275,	0.9088333333333333)
http://dbpedia.org/ontology/OldTerritory	(95.4275,	0.9088333333333333)
http://dbpedia.org/ontology/Intercommunality	(95.4275,	0.9088333333333333)
http://dbpedia.org/ontology/FrenchLocality	(95.4275,	0.9088333333333333)
http://dbpedia.org/ontology/OverseasDepartment	(95.4275,	0.9088333333333333)
http://dbpedia.org/ontology/Island	(95.4275,	0.9088333333333333)
http://dbpedia.org/ontology/Atoll	(95.4275,	0.9088333333333333)
http://dbpedia.org/ontology/State	(95.4275,	0.9088333333333333)
http://dbpedia.org/ontology/PopulatedPlace	(95.4275,	0.9088333333333333)
http://dbpedia.org/ontology/Tunnel	(90.65612499999999,	0.8633916666666666)
http://dbpedia.org/ontology/ProtectedArea	(90.65612499999999,	0.8633916666666666)
http://dbpedia.org/ontology/Mosque	(90.65612499999999,	0.8633916666666666)
http://dbpedia.org/ontology/Road	(90.65612499999999,	0.8633916666666666)
http://dbpedia.org/ontology/Windmill	(90.65612499999999,	0.8633916666666666)
http://dbpedia.org/ontology/Lake	(90.65612499999999,	0.8633916666666666)
http://dbpedia.org/ontology/Monument	(90.65612499999999,	0.8633916666666666)
http://dbpedia.org/ontology/PowerStation	(90.65612499999999,	0.8633916666666666)
http://dbpedia.org/ontology/ReligiousBuilding	(90.65612499999999,	0.8633916666666666)
http://dbpedia.org/ontology/WaterwayTunnel	(90.65612499999999,	0.8633916666666666)
http://dbpedia.org/ontology/LunarCrater	(90.65612499999999,	0.8633916666666666)
http://dbpedia.org/ontology/ArchitecturalStructure	(90.65612499999999,	0.8633916666666666)
http://dbpedia.org/ontology/Station	(90.65612499999999,	0.8633916666666666)
http://dbpedia.org/ontology/Stream	(90.65612499999999,	0.8633916666666666)
http://dbpedia.org/ontology/Park	(90.65612499999999,	0.8633916666666666)
http://dbpedia.org/ontology/Synagogue	(90.65612499999999,	0.8633916666666666)
http://dbpedia.org/ontology/Memorial	(90.65612499999999,	0.8633916666666666)
http://dbpedia.org/ontology/Airport	(90.65612499999999,	0.8633916666666666)
http://dbpedia.org/ontology/Museum	(90.65612499999999,	0.8633916666666666)
http://dbpedia.org/ontology/Valley	(90.65612499999999,	0.8633916666666666)
http://dbpedia.org/ontology/Theatre	(90.65612499999999,	0.8633916666666666)
http://dbpedia.org/ontology/Volcano	(90.65612499999999,	0.8633916666666666)
http://dbpedia.org/ontology/Treadmill	(90.65612499999999,	0.8633916666666666)
http://dbpedia.org/ontology/MilitaryStructure	(90.65612499999999,	0.8633916666666666)
http://dbpedia.org/ontology/MountainRange	(90.65612499999999,	0.8633916666666666)
http://dbpedia.org/ontology/Shrine	(90.65612499999999,	0.8633916666666666)
http://dbpedia.org/ontology/Mountain	(90.65612499999999,	0.8633916666666666)
http://dbpedia.org/ontology/BodyOfWater	(90.65612499999999,	0.8633916666666666)
http://dbpedia.org/ontology/HistoricPlace	(90.65612499999999,	0.8633916666666666)
http://dbpedia.org/ontology/Restaurant	(90.65612499999999,	0.8633916666666666)
http://dbpedia.org/ontology/HistoricBuilding	(90.65612499999999,	0.8633916666666666)
http://dbpedia.org/ontology/Community	(90.65612499999999,	0.8633916666666666)
http://dbpedia.org/ontology/Church	(90.65612499999999,	0.8633916666666666)
http://dbpedia.org/ontology/Bridge	(90.65612499999999,	0.8633916666666666)
http://dbpedia.org/ontology/WineRegion	(90.65612499999999,	0.8633916666666666)
http://dbpedia.org/ontology/Prison	(90.65612499999999,	0.8633916666666666)
http://dbpedia.org/ontology/Hospital	(90.65612499999999,	0.8633916666666666)
http://dbpedia.org/ontology/Infrastructure	(90.65612499999999,	0.8633916666666666)
http://dbpedia.org/ontology/SportFacility	(90.65612499999999,	0.8633916666666666)
http://dbpedia.org/ontology/Hotel	(90.65612499999999,	0.8633916666666666)
http://dbpedia.org/ontology/RailwayStation	(90.65612499999999,	0.8633916666666666)
http://dbpedia.org/ontology/WindMotor	(90.65612499999999,	0.8633916666666666)
http://dbpedia.org/ontology/NaturalPlace	(90.65612499999999,	0.8633916666666666)
http://dbpedia.org/ontology/Abbey	(90.65612499999999,	0.8633916666666666)
http://dbpedia.org/ontology/Factory	(90.65612499999999,	0.8633916666666666)
http://dbpedia.org/ontology/ShoppingMall	(90.65612499999999,	0.8633916666666666)
http://dbpedia.org/ontology/PublicTransitSystem	(90.65612499999999,	0.8633916666666666)
http://dbpedia.org/ontology/RoadJunction	(90.65612499999999,	0.8633916666666666)
http://dbpedia.org/ontology/Casino	(90.65612499999999,	0.8633916666666666)
http://dbpedia.org/ontology/Watermill	(90.65612499999999,	0.8633916666666666)
http://dbpedia.org/ontology/Skyscraper	(90.65612499999999,	0.8633916666666666)
http://dbpedia.org/ontology/Mill	(90.65612499999999,	0.8633916666666666)
http://dbpedia.org/ontology/SiteOfSpecialScientificInterest	(90.65612499999999,	0.8633916666666666)
http://dbpedia.org/ontology/Stadium	(90.65612499999999,	0.8633916666666666)
http://dbpedia.org/ontology/SkiResort	(90.65612499999999,	0.8633916666666666)
http://dbpedia.org/ontology/RailwayTunnel	(90.65612499999999,	0.8633916666666666)
http://dbpedia.org/ontology/HotSpring	(90.65612499999999,	0.8633916666666666)
http://dbpedia.org/ontology/Canal	(90.65612499999999,	0.8633916666666666)
http://dbpedia.org/ontology/RailwayLine	(90.65612499999999,	0.8633916666666666)
http://dbpedia.org/ontology/RaceTrack	(90.65612499999999,	0.8633916666666666)
http://dbpedia.org/ontology/River	(90.65612499999999,	0.8633916666666666)
http://dbpedia.org/ontology/Racecourse	(90.65612499999999,	0.8633916666666666)
http://dbpedia.org/ontology/Venue	(90.65612499999999,	0.8633916666666666)
http://dbpedia.org/ontology/Temple	(90.65612499999999,	0.8633916666666666)
http://dbpedia.org/ontology/RoadTunnel	(90.65612499999999,	0.8633916666666666)
http://dbpedia.org/ontology/WorldHeritageSite	(90.65612499999999,	0.8633916666666666)
http://dbpedia.org/ontology/LaunchPad	(90.65612499999999,	0.8633916666666666)
http://dbpedia.org/ontology/Castle	(90.65612499999999,	0.8633916666666666)
http://dbpedia.org/ontology/Building	(90.65612499999999,	0.8633916666666666)
http://dbpedia.org/ontology/Monastery	(90.65612499999999,	0.8633916666666666)
http://dbpedia.org/ontology/SkiArea	(90.65612499999999,	0.8633916666666666)
http://dbpedia.org/ontology/NoteworthyPartOfBuilding	(90.65612499999999,	0.8633916666666666)
http://dbpedia.org/ontology/WaterTower	(90.65612499999999,	0.8633916666666666)
http://dbpedia.org/ontology/Place	(90.65612499999999,	0.8633916666666666)
http://dbpedia.org/ontology/Sea	(90.65612499999999,	0.8633916666666666)
http://dbpedia.org/ontology/Arena	(90.65612499999999,	0.8633916666666666)
http://dbpedia.org/ontology/Cave	(90.65612499999999,	0.8633916666666666)
http://dbpedia.org/ontology/MountainPass	(90.65612499999999,	0.8633916666666666)
http://dbpedia.org/ontology/RouteOfTransportation	(90.65612499999999,	0.8633916666666666)
http://dbpedia.org/ontology/Lighthouse	(90.65612499999999,	0.8633916666666666)
http://dbpedia.org/ontology/HandballPlayer	(0.0,	0.0)
http://dbpedia.org/ontology/Airline	(0.0,	0.0)
http://dbpedia.org/ontology/RugbyPlayer	(0.0,	0.0)
http://dbpedia.org/ontology/Database	(0.0,	0.0)
http://dbpedia.org/ontology/PoloLeague	(0.0,	0.0)
http://dbpedia.org/ontology/FootballMatch	(0.0,	0.0)
http://dbpedia.org/ontology/Genre	(0.0,	0.0)
http://dbpedia.org/ontology/GovernmentType	(0.0,	0.0)
http://dbpedia.org/ontology/Language	(0.0,	0.0)
http://dbpedia.org/ontology/ArtistDiscography	(0.0,	0.0)
http://dbpedia.org/ontology/SoftballLeague	(0.0,	0.0)
http://dbpedia.org/ontology/Broadcaster	(0.0,	0.0)
http://dbpedia.org/ontology/Mayor	(0.0,	0.0)
http://dbpedia.org/ontology/LegalCase	(0.0,	0.0)
http://dbpedia.org/ontology/ComicsCharacter	(0.0,	0.0)
http://dbpedia.org/ontology/RacingDriver	(0.0,	0.0)
http://dbpedia.org/ontology/Spacecraft	(0.0,	0.0)
http://dbpedia.org/ontology/AmericanFootballTeam	(0.0,	0.0)
http://dbpedia.org/ontology/MusicGenre	(0.0,	0.0)
http://dbpedia.org/ontology/Planet	(0.0,	0.0)
http://dbpedia.org/ontology/Curler	(0.0,	0.0)
http://dbpedia.org/ontology/Holiday	(0.0,	0.0)
http://dbpedia.org/ontology/Star	(0.0,	0.0)
http://dbpedia.org/ontology/College	(0.0,	0.0)
http://dbpedia.org/ontology/Gymnast	(0.0,	0.0)
http://dbpedia.org/ontology/VolleyballPlayer	(0.0,	0.0)
http://dbpedia.org/ontology/Single	(0.0,	0.0)
http://dbpedia.org/ontology/Cleric	(0.0,	0.0)
http://dbpedia.org/ontology/SportsTeamMember	(0.0,	0.0)
http://dbpedia.org/ontology/OlympicEvent	(0.0,	0.0)
http://dbpedia.org/ontology/Sculpture	(0.0,	0.0)
http://dbpedia.org/ontology/Weapon	(0.0,	0.0)
http://dbpedia.org/ontology/Lymph	(0.0,	0.0)
http://dbpedia.org/ontology/NCAATeamSeason	(0.0,	0.0)
http://dbpedia.org/ontology/GolfPlayer	(0.0,	0.0)
http://dbpedia.org/ontology/TableTennisPlayer	(0.0,	0.0)
http://dbpedia.org/ontology/Sculptor	(0.0,	0.0)
http://dbpedia.org/ontology/TelevisionHost	(0.0,	0.0)
http://dbpedia.org/ontology/AutomobileEngine	(0.0,	0.0)
http://dbpedia.org/ontology/TeamMember	(0.0,	0.0)
http://dbpedia.org/ontology/Bone	(0.0,	0.0)
http://dbpedia.org/ontology/WomensTennisAssociationTournament	(0.0,	0.0)
http://dbpedia.org/ontology/BoxingLeague	(0.0,	0.0)
http://dbpedia.org/ontology/MovieGenre	(0.0,	0.0)
http://dbpedia.org/ontology/SpeedwayRider	(0.0,	0.0)
http://dbpedia.org/ontology/MultiVolumePublication	(0.0,	0.0)
http://dbpedia.org/ontology/Priest	(0.0,	0.0)
http://dbpedia.org/ontology/Brain	(0.0,	0.0)
http://dbpedia.org/ontology/Sales	(0.0,	0.0)
http://dbpedia.org/ontology/Manhwa	(0.0,	0.0)
http://dbpedia.org/ontology/MotorcycleRacingLeague	(0.0,	0.0)
http://dbpedia.org/ontology/AmateurBoxer	(0.0,	0.0)
http://dbpedia.org/ontology/Mollusca	(0.0,	0.0)
http://dbpedia.org/ontology/NascarDriver	(0.0,	0.0)
http://dbpedia.org/ontology/Ginkgo	(0.0,	0.0)
http://dbpedia.org/ontology/Colour	(0.0,	0.0)
http://dbpedia.org/ontology/PublicServiceOutput	(0.0,	0.0)
http://dbpedia.org/ontology/GivenName	(0.0,	0.0)
http://dbpedia.org/ontology/cidoccrm:E4_Period	(0.0,	0.0)
http://dbpedia.org/ontology/ChessPlayer	(0.0,	0.0)
http://dbpedia.org/ontology/TennisLeague	(0.0,	0.0)
http://dbpedia.org/ontology/Decoration	(0.0,	0.0)
http://dbpedia.org/ontology/Openswarm	(0.0,	0.0)
http://dbpedia.org/ontology/HockeyTeam	(0.0,	0.0)
http://dbpedia.org/ontology/BullFighter	(0.0,	0.0)
http://dbpedia.org/ontology/Mineral	(0.0,	0.0)
http://dbpedia.org/ontology/Ideology	(0.0,	0.0)
http://dbpedia.org/ontology/Library	(0.0,	0.0)
http://dbpedia.org/ontology/Artist	(0.0,	0.0)
http://dbpedia.org/ontology/MusicalWork	(0.0,	0.0)
http://dbpedia.org/ontology/CollegeCoach	(0.0,	0.0)
http://dbpedia.org/ontology/Athlete	(0.0,	0.0)
http://dbpedia.org/ontology/FashionDesigner	(0.0,	0.0)
http://dbpedia.org/ontology/MilitaryConflict	(0.0,	0.0)
http://dbpedia.org/ontology/Artery	(0.0,	0.0)
http://dbpedia.org/ontology/Cricketer	(0.0,	0.0)
http://dbpedia.org/ontology/Resume	(0.0,	0.0)
http://dbpedia.org/ontology/Person	(0.0,	0.0)
http://dbpedia.org/ontology/VicePrimeMinister	(0.0,	0.0)
http://dbpedia.org/ontology/AcademicJournal	(0.0,	0.0)
http://dbpedia.org/ontology/Presenter	(0.0,	0.0)
http://dbpedia.org/ontology/SpaceMission	(0.0,	0.0)
http://dbpedia.org/ontology/Bird	(0.0,	0.0)
http://dbpedia.org/ontology/CyclingTeam	(0.0,	0.0)
http://dbpedia.org/ontology/Grape	(0.0,	0.0)
http://dbpedia.org/ontology/ClubMoss	(0.0,	0.0)
http://dbpedia.org/ontology/CanadianFootballTeam	(0.0,	0.0)
http://dbpedia.org/ontology/FictionalCharacter	(0.0,	0.0)
http://dbpedia.org/ontology/Listen	(0.0,	0.0)
http://dbpedia.org/ontology/Blazon	(0.0,	0.0)
http://dbpedia.org/ontology/NationalFootballLeagueSeason	(0.0,	0.0)
http://dbpedia.org/ontology/Magazine	(0.0,	0.0)
http://dbpedia.org/ontology/MouseGeneLocation	(0.0,	0.0)
http://dbpedia.org/ontology/VolleyballCoach	(0.0,	0.0)
http://dbpedia.org/ontology/OrganisationMember	(0.0,	0.0)
http://dbpedia.org/ontology/MartialArtist	(0.0,	0.0)
http://dbpedia.org/ontology/LacrosseLeague	(0.0,	0.0)
http://dbpedia.org/ontology/Mammal	(0.0,	0.0)
http://dbpedia.org/ontology/Gnetophytes	(0.0,	0.0)
http://dbpedia.org/ontology/GeneLocation	(0.0,	0.0)
http://dbpedia.org/ontology/Moss	(0.0,	0.0)
http://dbpedia.org/ontology/RecordLabel	(0.0,	0.0)
http://dbpedia.org/ontology/Host	(0.0,	0.0)
http://dbpedia.org/ontology/NationalCollegiateAthleticAssociationAthlete	(0.0,	0.0)
http://dbpedia.org/ontology/Bacteria	(0.0,	0.0)
http://dbpedia.org/ontology/LineOfFashion	(0.0,	0.0)
http://dbpedia.org/ontology/Agent	(0.0,	0.0)
http://dbpedia.org/ontology/wgs84_pos:SpatialThing	(0.0,	0.0)
http://dbpedia.org/ontology/Newspaper	(0.0,	0.0)
http://dbpedia.org/ontology/FilmFestival	(0.0,	0.0)
http://dbpedia.org/ontology/PrimeMinister	(0.0,	0.0)
http://dbpedia.org/ontology/Painting	(0.0,	0.0)
http://dbpedia.org/ontology/AutoRacingLeague	(0.0,	0.0)
http://dbpedia.org/ontology/BaseballPlayer	(0.0,	0.0)
http://dbpedia.org/ontology/SoccerClub	(0.0,	0.0)
http://dbpedia.org/ontology/CurlingLeague	(0.0,	0.0)
http://dbpedia.org/ontology/AnimangaCharacter	(0.0,	0.0)
http://dbpedia.org/ontology/GeopoliticalOrganisation	(0.0,	0.0)
http://dbpedia.org/ontology/TelevisionShow	(0.0,	0.0)
http://dbpedia.org/ontology/Election	(0.0,	0.0)
http://dbpedia.org/ontology/MusicalArtist	(0.0,	0.0)
http://dbpedia.org/ontology/Plant	(0.0,	0.0)
http://dbpedia.org/ontology/FieldHockeyLeague	(0.0,	0.0)
http://dbpedia.org/ontology/GovernmentAgency	(0.0,	0.0)
http://dbpedia.org/ontology/SoccerTournament	(0.0,	0.0)
http://dbpedia.org/ontology/MilitaryPerson	(0.0,	0.0)
http://dbpedia.org/ontology/MilitaryUnit	(0.0,	0.0)
http://dbpedia.org/ontology/Animal	(0.0,	0.0)
http://dbpedia.org/ontology/SoccerPlayer	(0.0,	0.0)
http://dbpedia.org/ontology/MixedMartialArtsEvent	(0.0,	0.0)
http://dbpedia.org/ontology/BasketballPlayer	(0.0,	0.0)
http://dbpedia.org/ontology/LawFirm	(0.0,	0.0)
http://dbpedia.org/ontology/Species	(0.0,	0.0)
http://dbpedia.org/ontology/TimePeriod	(0.0,	0.0)
http://dbpedia.org/ontology/GridironFootballPlayer	(0.0,	0.0)
http://dbpedia.org/ontology/ProtohistoricalPeriod	(0.0,	0.0)
http://dbpedia.org/ontology/Device	(0.0,	0.0)
http://dbpedia.org/ontology/Bodybuilder	(0.0,	0.0)
http://dbpedia.org/ontology/Gene	(0.0,	0.0)
http://dbpedia.org/ontology/Drama	(0.0,	0.0)
http://dbpedia.org/ontology/Lieutenant	(0.0,	0.0)
http://dbpedia.org/ontology/Cycad	(0.0,	0.0)
http://dbpedia.org/ontology/ClericalOrder	(0.0,	0.0)
http://dbpedia.org/ontology/Legislature	(0.0,	0.0)
http://dbpedia.org/ontology/Fern	(0.0,	0.0)
http://dbpedia.org/ontology/Murderer	(0.0,	0.0)
http://dbpedia.org/ontology/Automobile	(0.0,	0.0)
http://dbpedia.org/ontology/BaseballLeague	(0.0,	0.0)
http://dbpedia.org/ontology/Amphibian	(0.0,	0.0)
http://dbpedia.org/ontology/ComicsCreator	(0.0,	0.0)
http://dbpedia.org/ontology/Swarm	(0.0,	0.0)
http://dbpedia.org/ontology/SpeedwayTeam	(0.0,	0.0)
http://dbpedia.org/ontology/HandballLeague	(0.0,	0.0)
http://dbpedia.org/ontology/Unknown	(0.0,	0.0)
http://dbpedia.org/ontology/Professor	(0.0,	0.0)
http://dbpedia.org/ontology/PlayboyPlaymate	(0.0,	0.0)
http://dbpedia.org/ontology/Wine	(0.0,	0.0)
http://dbpedia.org/ontology/AustralianFootballLeague	(0.0,	0.0)
http://dbpedia.org/ontology/TennisTournament	(0.0,	0.0)
http://dbpedia.org/ontology/Train	(0.0,	0.0)
http://dbpedia.org/ontology/Band	(0.0,	0.0)
http://dbpedia.org/ontology/Pornstar	(0.0,	0.0)
http://dbpedia.org/ontology/InformationAppliance	(0.0,	0.0)
http://dbpedia.org/ontology/AustralianRulesFootballPlayer	(0.0,	0.0)
http://dbpedia.org/ontology/Crustacean	(0.0,	0.0)
http://dbpedia.org/ontology/Publisher	(0.0,	0.0)
http://dbpedia.org/ontology/Insect	(0.0,	0.0)
http://dbpedia.org/ontology/SoapCharacter	(0.0,	0.0)
http://dbpedia.org/ontology/GeologicalPeriod	(0.0,	0.0)
http://dbpedia.org/ontology/DartsPlayer	(0.0,	0.0)
http://dbpedia.org/ontology/Aircraft	(0.0,	0.0)
http://dbpedia.org/ontology/SoccerLeagueSeason	(0.0,	0.0)
http://dbpedia.org/ontology/Manhua	(0.0,	0.0)
http://dbpedia.org/ontology/Chancellor	(0.0,	0.0)
http://dbpedia.org/ontology/WrestlingEvent	(0.0,	0.0)
http://dbpedia.org/ontology/PoliticalParty	(0.0,	0.0)
http://dbpedia.org/ontology/SpaceShuttle	(0.0,	0.0)
http://dbpedia.org/ontology/RadioStation	(0.0,	0.0)
http://dbpedia.org/ontology/BeautyQueen	(0.0,	0.0)
http://dbpedia.org/ontology/Award	(0.0,	0.0)
http://dbpedia.org/ontology/ResearchProject	(0.0,	0.0)
http://dbpedia.org/ontology/BasketballLeague	(0.0,	0.0)
http://dbpedia.org/ontology/University	(0.0,	0.0)
http://dbpedia.org/ontology/Scientist	(0.0,	0.0)
http://dbpedia.org/ontology/Judge	(0.0,	0.0)
http://dbpedia.org/ontology/FormulaOneRacing	(0.0,	0.0)
http://dbpedia.org/ontology/Boxer	(0.0,	0.0)
http://dbpedia.org/ontology/Parish__Deanery	(0.0,	0.0)
http://dbpedia.org/ontology/Installment	(0.0,	0.0)
http://dbpedia.org/ontology/VicePresident	(0.0,	0.0)
http://dbpedia.org/ontology/NationalSoccerClub	(0.0,	0.0)
http://dbpedia.org/ontology/VolleyballLeague	(0.0,	0.0)
http://dbpedia.org/ontology/Astronaut	(0.0,	0.0)
http://dbpedia.org/ontology/PolishKing	(0.0,	0.0)
http://dbpedia.org/ontology/ControlledDesignationOfOriginWine	(0.0,	0.0)
http://dbpedia.org/ontology/FootballLeagueSeason	(0.0,	0.0)
http://dbpedia.org/ontology/ChristianBishop	(0.0,	0.0)
http://dbpedia.org/ontology/Event	(0.0,	0.0)
http://dbpedia.org/ontology/CultivatedVariety	(0.0,	0.0)
http://dbpedia.org/ontology/BasketballTeam	(0.0,	0.0)
http://dbpedia.org/ontology/GreenAlga	(0.0,	0.0)
http://dbpedia.org/ontology/Song	(0.0,	0.0)
http://dbpedia.org/ontology/Cartoon	(0.0,	0.0)
http://dbpedia.org/ontology/ChristianPatriarch	(0.0,	0.0)
http://dbpedia.org/ontology/CollectionOfValuables	(0.0,	0.0)
http://dbpedia.org/ontology/Royalty	(0.0,	0.0)
http://dbpedia.org/ontology/SportsSeason	(0.0,	0.0)
http://dbpedia.org/ontology/VideoGame	(0.0,	0.0)
http://dbpedia.org/ontology/Criminal	(0.0,	0.0)
http://dbpedia.org/ontology/Rocket	(0.0,	0.0)
http://dbpedia.org/ontology/Archaea	(0.0,	0.0)
http://dbpedia.org/ontology/TelevisionStation	(0.0,	0.0)
http://dbpedia.org/ontology/Saint	(0.0,	0.0)
http://dbpedia.org/ontology/Ambassador	(0.0,	0.0)
http://dbpedia.org/ontology/Manga	(0.0,	0.0)
http://dbpedia.org/ontology/Monastry	(0.0,	0.0)
http://dbpedia.org/ontology/Politician	(0.0,	0.0)
http://dbpedia.org/ontology/Letter	(0.0,	0.0)
http://dbpedia.org/ontology/Pope	(0.0,	0.0)
http://dbpedia.org/ontology/RugbyClub	(0.0,	0.0)
http://dbpedia.org/ontology/PublicServiceInput	(0.0,	0.0)
http://dbpedia.org/ontology/TennisPlayer	(0.0,	0.0)
http://dbpedia.org/ontology/Chef	(0.0,	0.0)
http://dbpedia.org/ontology/Jockey	(0.0,	0.0)
http://dbpedia.org/ontology/IceHockeyPlayer	(0.0,	0.0)
http://dbpedia.org/ontology/School	(0.0,	0.0)
http://dbpedia.org/ontology/MotorsportSeason	(0.0,	0.0)
http://dbpedia.org/ontology/HorseTrainer	(0.0,	0.0)
http://dbpedia.org/ontology/HollywoodCartoon	(0.0,	0.0)
http://dbpedia.org/ontology/Cardinal	(0.0,	0.0)
http://dbpedia.org/ontology/Vein	(0.0,	0.0)
http://dbpedia.org/ontology/Monarch	(0.0,	0.0)
http://dbpedia.org/ontology/FormulaOneRacer	(0.0,	0.0)
http://dbpedia.org/ontology/Flag	(0.0,	0.0)
http://dbpedia.org/ontology/Work	(0.0,	0.0)
http://dbpedia.org/ontology/OfficeHolder	(0.0,	0.0)
http://dbpedia.org/ontology/Camera	(0.0,	0.0)
http://dbpedia.org/ontology/Imdb	(0.0,	0.0)
http://dbpedia.org/ontology/HumanGeneLocation	(0.0,	0.0)
http://dbpedia.org/ontology/Medician	(0.0,	0.0)
http://dbpedia.org/ontology/GaelicGamesPlayer	(0.0,	0.0)
http://dbpedia.org/ontology/Project	(0.0,	0.0)
http://dbpedia.org/ontology/CyclingLeague	(0.0,	0.0)
http://dbpedia.org/ontology/VoiceActor	(0.0,	0.0)
http://dbpedia.org/ontology/Muscle	(0.0,	0.0)
http://dbpedia.org/ontology/Food	(0.0,	0.0)
http://dbpedia.org/ontology/Novel	(0.0,	0.0)
http://dbpedia.org/ontology/BloodType	(0.0,	0.0)
http://dbpedia.org/ontology/CyclingCompetition	(0.0,	0.0)
http://dbpedia.org/ontology/Biomolecule	(0.0,	0.0)
http://dbpedia.org/ontology/Eukaryote	(0.0,	0.0)
http://dbpedia.org/ontology/MixedMartialArtsLeague	(0.0,	0.0)
http://dbpedia.org/ontology/Cyclist	(0.0,	0.0)
UNTYPED	(0.0,	0.0)
http://dbpedia.org/ontology/Fashion	(0.0,	0.0)
http://dbpedia.org/ontology/Non-ProfitOrganisation	(0.0,	0.0)
http://dbpedia.org/ontology/Referee	(0.0,	0.0)
http://dbpedia.org/ontology/IceHockeyLeague	(0.0,	0.0)
http://dbpedia.org/ontology/OntologyClass:Foaf:Document	(0.0,	0.0)
http://dbpedia.org/ontology/Journalist	(0.0,	0.0)
http://dbpedia.org/ontology/Deity	(0.0,	0.0)
http://dbpedia.org/ontology/SportsTeam	(0.0,	0.0)
http://dbpedia.org/ontology/SystemOfLaw	(0.0,	0.0)
http://dbpedia.org/ontology/Ship	(0.0,	0.0)
http://dbpedia.org/ontology/RugbyLeague	(0.0,	0.0)
http://dbpedia.org/ontology/Company	(0.0,	0.0)
http://dbpedia.org/ontology/FloweringPlant	(0.0,	0.0)
http://dbpedia.org/ontology/LightNovel	(0.0,	0.0)
http://dbpedia.org/ontology/Swimmer	(0.0,	0.0)
http://dbpedia.org/ontology/ProgrammingLanguage	(0.0,	0.0)
http://dbpedia.org/ontology/SambaSchool	(0.0,	0.0)
http://dbpedia.org/ontology/Anime	(0.0,	0.0)
http://dbpedia.org/ontology/Actor	(0.0,	0.0)
http://dbpedia.org/ontology/Beer	(0.0,	0.0)
http://dbpedia.org/ontology/SportsEvent	(0.0,	0.0)
http://dbpedia.org/ontology/Economist	(0.0,	0.0)
http://dbpedia.org/ontology/UnitOfWork	(0.0,	0.0)
http://dbpedia.org/ontology/Aristocrat	(0.0,	0.0)
http://dbpedia.org/ontology/Embryology	(0.0,	0.0)
http://dbpedia.org/ontology/Fungus	(0.0,	0.0)
http://dbpedia.org/ontology/MusicFestival	(0.0,	0.0)
http://dbpedia.org/ontology/TelevisionShow__FictionalCharacter	(0.0,	0.0)
http://dbpedia.org/ontology/EthnicGroup	(0.0,	0.0)
http://dbpedia.org/ontology/Year	(0.0,	0.0)
http://dbpedia.org/ontology/Beverage	(0.0,	0.0)
http://dbpedia.org/ontology/TrackList	(0.0,	0.0)
http://dbpedia.org/ontology/Fish	(0.0,	0.0)
http://dbpedia.org/ontology/List	(0.0,	0.0)
http://dbpedia.org/ontology/Sport	(0.0,	0.0)
http://dbpedia.org/ontology/Skater	(0.0,	0.0)
http://dbpedia.org/ontology/SportsLeague	(0.0,	0.0)
http://dbpedia.org/ontology/Album	(0.0,	0.0)
http://dbpedia.org/ontology/SoccerClubSeason	(0.0,	0.0)
http://dbpedia.org/ontology/Skier	(0.0,	0.0)
http://dbpedia.org/ontology/Philosopher	(0.0,	0.0)
http://dbpedia.org/ontology/Software	(0.0,	0.0)
http://dbpedia.org/ontology/SportsManager	(0.0,	0.0)
http://dbpedia.org/ontology/Celebrity	(0.0,	0.0)
http://dbpedia.org/ontology/SoccerManager	(0.0,	0.0)
http://dbpedia.org/ontology/Enzyme	(0.0,	0.0)
http://dbpedia.org/ontology/Noble	(0.0,	0.0)
http://dbpedia.org/ontology/MemberOfParliament	(0.0,	0.0)
http://dbpedia.org/ontology/Senator	(0.0,	0.0)
http://dbpedia.org/ontology/Galaxy	(0.0,	0.0)
http://dbpedia.org/ontology/BoardGame	(0.0,	0.0)
http://dbpedia.org/ontology/RadioHost	(0.0,	0.0)
http://dbpedia.org/ontology/Asteroid	(0.0,	0.0)
http://dbpedia.org/ontology/EurovisionSongContestEntry	(0.0,	0.0)
http://dbpedia.org/ontology/Family	(0.0,	0.0)
http://dbpedia.org/ontology/InlineHockeyLeague	(0.0,	0.0)
http://dbpedia.org/ontology/ChristianDoctrine	(0.0,	0.0)
http://dbpedia.org/ontology/Race	(0.0,	0.0)
http://dbpedia.org/ontology/Tax	(0.0,	0.0)
http://dbpedia.org/ontology/PokerPlayer	(0.0,	0.0)
http://dbpedia.org/ontology/GrandPrix	(0.0,	0.0)
http://dbpedia.org/ontology/Athlete__CareerStation	(0.0,	0.0)
http://dbpedia.org/ontology/Drug	(0.0,	0.0)
http://dbpedia.org/ontology/Surname	(0.0,	0.0)
http://dbpedia.org/ontology/BroadcastNetwork	(0.0,	0.0)
http://dbpedia.org/ontology/PeriodOfArtisticStyle	(0.0,	0.0)
http://dbpedia.org/ontology/RadioProgram	(0.0,	0.0)
http://dbpedia.org/ontology/Painter	(0.0,	0.0)
http://dbpedia.org/ontology/CanadianFootballLeague	(0.0,	0.0)
http://dbpedia.org/ontology/Name	(0.0,	0.0)
http://dbpedia.org/ontology/Religious	(0.0,	0.0)
http://dbpedia.org/ontology/President	(0.0,	0.0)
http://dbpedia.org/ontology/WrittenWork	(0.0,	0.0)
http://dbpedia.org/ontology/Architect	(0.0,	0.0)
http://dbpedia.org/ontology/HistoricalPeriod	(0.0,	0.0)
http://dbpedia.org/ontology/Musical	(0.0,	0.0)
http://dbpedia.org/ontology/Olympics	(0.0,	0.0)
http://dbpedia.org/ontology/MouseGene	(0.0,	0.0)
http://dbpedia.org/ontology/BadmintonPlayer	(0.0,	0.0)
http://dbpedia.org/ontology/CricketLeague	(0.0,	0.0)
http://dbpedia.org/ontology/Group	(0.0,	0.0)
http://dbpedia.org/ontology/Organisation	(0.0,	0.0)
http://dbpedia.org/ontology/Reptile	(0.0,	0.0)
http://dbpedia.org/ontology/CanadianFootballPlayer	(0.0,	0.0)
http://dbpedia.org/ontology/Protein	(0.0,	0.0)
http://dbpedia.org/ontology/Governor	(0.0,	0.0)
http://dbpedia.org/ontology/SportsTeamSeason	(0.0,	0.0)
http://dbpedia.org/ontology/Engineer	(0.0,	0.0)
http://dbpedia.org/ontology/BowlingLeague	(0.0,	0.0)
http://dbpedia.org/ontology/Deputy	(0.0,	0.0)
http://dbpedia.org/ontology/PenaltyShootOut	(0.0,	0.0)
http://dbpedia.org/ontology/SpeedwayLeague	(0.0,	0.0)
http://dbpedia.org/ontology/Convention	(0.0,	0.0)
http://dbpedia.org/ontology/SnookerPlayer	(0.0,	0.0)
http://dbpedia.org/ontology/Model	(0.0,	0.0)
http://dbpedia.org/ontology/Case	(0.0,	0.0)
http://dbpedia.org/ontology/Nerve	(0.0,	0.0)
http://dbpedia.org/ontology/AmericanFootballPlayer	(0.0,	0.0)
http://dbpedia.org/ontology/PrehistoricalPeriod	(0.0,	0.0)
http://dbpedia.org/ontology/OlympicResult	(0.0,	0.0)
http://dbpedia.org/ontology/Activity	(0.0,	0.0)
http://dbpedia.org/ontology/CelestialBody	(0.0,	0.0)
http://dbpedia.org/ontology/Currency	(0.0,	0.0)
http://dbpedia.org/ontology/Diocese__Parish	(0.0,	0.0)
http://dbpedia.org/ontology/TradeUnion	(0.0,	0.0)
http://dbpedia.org/ontology/SoccerLeague	(0.0,	0.0)
http://dbpedia.org/ontology/YearInSpaceflight	(0.0,	0.0)
http://dbpedia.org/ontology/Film	(0.0,	0.0)
http://dbpedia.org/ontology/DigitalCamera	(0.0,	0.0)
http://dbpedia.org/ontology/Polyhedron	(0.0,	0.0)
http://dbpedia.org/ontology/Comics	(0.0,	0.0)
http://dbpedia.org/ontology/Congressman	(0.0,	0.0)
http://dbpedia.org/ontology/ChemicalElement	(0.0,	0.0)
http://dbpedia.org/ontology/Ligament	(0.0,	0.0)
http://dbpedia.org/ontology/Constellation	(0.0,	0.0)
http://dbpedia.org/ontology/SquashPlayer	(0.0,	0.0)
http://dbpedia.org/ontology/SumoWrestler	(0.0,	0.0)
http://dbpedia.org/ontology/TelevisionEpisode	(0.0,	0.0)
http://dbpedia.org/ontology/Cheese	(0.0,	0.0)
http://dbpedia.org/ontology/Comic	(0.0,	0.0)
http://dbpedia.org/ontology/Wrestler	(0.0,	0.0)
http://dbpedia.org/ontology/TelevisionSeason	(0.0,	0.0)
http://dbpedia.org/ontology/Website	(0.0,	0.0)
http://dbpedia.org/ontology/Comedian	(0.0,	0.0)
http://dbpedia.org/ontology/LacrossePlayer	(0.0,	0.0)
http://dbpedia.org/ontology/Conifer	(0.0,	0.0)
http://dbpedia.org/ontology/SnookerChamp	(0.0,	0.0)
http://dbpedia.org/ontology/PublicService	(0.0,	0.0)
http://dbpedia.org/ontology/Writer	(0.0,	0.0)
http://dbpedia.org/ontology/Dog	(0.0,	0.0)
http://dbpedia.org/ontology/Disease	(0.0,	0.0)
http://dbpedia.org/ontology/Artwork	(0.0,	0.0)
http://dbpedia.org/ontology/Globularswarm	(0.0,	0.0)
http://dbpedia.org/ontology/BiologicalDatabase	(0.0,	0.0)
http://dbpedia.org/ontology/PaintballLeague	(0.0,	0.0)
http://dbpedia.org/ontology/AnatomicalStructure	(0.0,	0.0)
http://dbpedia.org/ontology/FigureSkater	(0.0,	0.0)
http://dbpedia.org/ontology/PeriodicalLiterature	(0.0,	0.0)
http://dbpedia.org/ontology/MeanOfTransportation	(0.0,	0.0)
http://dbpedia.org/ontology/Game	(0.0,	0.0)
http://dbpedia.org/ontology/Play	(0.0,	0.0)
http://dbpedia.org/ontology/ComedyGroup	(0.0,	0.0)
http://dbpedia.org/ontology/PersonFunction	(0.0,	0.0)
http://dbpedia.org/ontology/AmericanFootballLeague	(0.0,	0.0)
http://dbpedia.org/ontology/ChemicalSubstance	(0.0,	0.0)
http://dbpedia.org/ontology/SpaceStation	(0.0,	0.0)
http://dbpedia.org/ontology/GolfLeague	(0.0,	0.0)
http://dbpedia.org/ontology/BaseballTeam	(0.0,	0.0)
http://dbpedia.org/ontology/ChemicalCompound	(0.0,	0.0)
http://dbpedia.org/ontology/BeachVolleyballPlayer	(0.0,	0.0)
http://dbpedia.org/ontology/MotorcycleRider	(0.0,	0.0)
http://dbpedia.org/ontology/SupremeCourtOfTheUnitedStatesCase	(0.0,	0.0)
http://dbpedia.org/ontology/TopicalConcept	(0.0,	0.0)
http://dbpedia.org/ontology/Opera	(0.0,	0.0)
http://dbpedia.org/ontology/BritishRoyalty	(0.0,	0.0)
http://dbpedia.org/ontology/CareerStation	(0.0,	0.0)
http://dbpedia.org/ontology/VideogamesLeague	(0.0,	0.0)
http://dbpedia.org/ontology/Locomotive	(0.0,	0.0)
http://dbpedia.org/ontology/Arachnid	(0.0,	0.0)
http://dbpedia.org/ontology/AdultActor	(0.0,	0.0)
http://dbpedia.org/ontology/SnookerWorldRanking	(0.0,	0.0)
http://dbpedia.org/ontology/NetballPlayer	(0.0,	0.0)
http://dbpedia.org/ontology/HumanGene	(0.0,	0.0)
http://dbpedia.org/ontology/Book	(0.0,	0.0)
http://dbpedia.org/ontology/RadioControlledRacingLeague	(0.0,	0.0)
http://dbpedia.org/ontology/SportCompetitionResult	(0.0,	0.0)
http://dbpedia.org/ontology/EducationalInstitution	(0.0,	0.0)
http://dbpedia.org/ontology/RaceHorse	(0.0,	0.0)
