
======  DOMAIN PREFERENCE ================================
http://dbpedia.org/ontology/Lake	(69.58200000000001,	0.8697750000000001)
http://dbpedia.org/ontology/River	(66.59200000000001,	0.8324000000000001)
http://dbpedia.org/ontology/City	(58.56790000000001,	0.7320987500000001)
http://dbpedia.org/ontology/Town	(58.56790000000001,	0.7320987500000001)
http://dbpedia.org/ontology/Village	(58.16790000000001,	0.7270987500000001)
http://dbpedia.org/ontology/Settlement	(58.16790000000001,	0.7270987500000001)
http://dbpedia.org/ontology/PopulatedPlace	(56.84790000000001,	0.7105987500000002)
http://dbpedia.org/ontology/Country	(56.84790000000001,	0.7105987500000002)
http://dbpedia.org/ontology/AdministrativeRegion	(56.84790000000001,	0.7105987500000002)
http://dbpedia.org/ontology/ProtectedArea	(55.659900000000015,	0.6957487500000001)
http://dbpedia.org/ontology/Place	(55.45990000000001,	0.6932487500000002)
http://dbpedia.org/ontology/Station	(55.45990000000001,	0.6932487500000002)
http://dbpedia.org/ontology/Airport	(55.45990000000001,	0.6932487500000002)
http://dbpedia.org/ontology/Road	(55.45990000000001,	0.6932487500000002)
UNTYPED	(5.0,	0.0625)
http://dbpedia.org/ontology/Single	(0.0,	0.0)
http://dbpedia.org/ontology/Ship	(0.0,	0.0)
http://dbpedia.org/ontology/Film	(0.0,	0.0)
http://dbpedia.org/ontology/University	(0.0,	0.0)
http://dbpedia.org/ontology/Album	(0.0,	0.0)
======  RANGE PREFERENCE ================================
http://dbpedia.org/ontology/AdministrativeRegion	(103.6,	0.9866666666666666)
http://dbpedia.org/ontology/City	(87.71000000000001,	0.8353333333333334)
http://dbpedia.org/ontology/Settlement	(87.71000000000001,	0.8353333333333334)
http://dbpedia.org/ontology/Country	(86.31,	0.8220000000000001)
http://dbpedia.org/ontology/PopulatedPlace	(86.31,	0.8220000000000001)
http://dbpedia.org/ontology/PoliticalParty	(0.0,	0.0)
http://dbpedia.org/ontology/Organisation	(0.0,	0.0)
http://dbpedia.org/ontology/SoccerClub	(0.0,	0.0)
http://dbpedia.org/ontology/RadioStation	(0.0,	0.0)
http://dbpedia.org/ontology/University	(0.0,	0.0)
http://dbpedia.org/ontology/EducationalInstitution	(0.0,	0.0)
UNTYPED	(0.0,	0.0)
