
======  DOMAIN PREFERENCE ================================
http://dbpedia.org/ontology/Lake	(50.766,	0.634575)
http://dbpedia.org/ontology/River	(26.056,	0.3257)
http://dbpedia.org/ontology/City	(16.1419,	0.20177375)
http://dbpedia.org/ontology/Town	(16.1419,	0.20177375)
http://dbpedia.org/ontology/Village	(13.341899999999999,	0.16677375)
http://dbpedia.org/ontology/Settlement	(13.341899999999999,	0.16677375)
http://dbpedia.org/ontology/PopulatedPlace	(7.461899999999999,	0.09327374999999999)
http://dbpedia.org/ontology/Country	(7.461899999999999,	0.09327374999999999)
http://dbpedia.org/ontology/AdministrativeRegion	(7.461899999999999,	0.09327374999999999)
http://dbpedia.org/ontology/ProtectedArea	(5.697899999999999,	0.07122374999999999)
UNTYPED	(5.0,	0.0625)
http://dbpedia.org/ontology/Place	(4.297899999999999,	0.053723749999999994)
http://dbpedia.org/ontology/Station	(4.297899999999999,	0.053723749999999994)
http://dbpedia.org/ontology/Airport	(4.297899999999999,	0.053723749999999994)
http://dbpedia.org/ontology/Road	(4.297899999999999,	0.053723749999999994)
http://dbpedia.org/ontology/Single	(0.0,	0.0)
http://dbpedia.org/ontology/Ship	(0.0,	0.0)
http://dbpedia.org/ontology/Film	(0.0,	0.0)
http://dbpedia.org/ontology/University	(0.0,	0.0)
http://dbpedia.org/ontology/Album	(0.0,	0.0)
======  RANGE PREFERENCE ================================
http://dbpedia.org/ontology/AdministrativeRegion	(95.19999999999999,	0.9066666666666665)
http://dbpedia.org/ontology/City	(22.189999999999998,	0.21133333333333332)
http://dbpedia.org/ontology/Settlement	(22.189999999999998,	0.21133333333333332)
http://dbpedia.org/ontology/Country	(12.389999999999997,	0.11799999999999997)
http://dbpedia.org/ontology/PopulatedPlace	(12.389999999999997,	0.11799999999999997)
http://dbpedia.org/ontology/PoliticalParty	(0.0,	0.0)
http://dbpedia.org/ontology/Organisation	(0.0,	0.0)
http://dbpedia.org/ontology/SoccerClub	(0.0,	0.0)
http://dbpedia.org/ontology/RadioStation	(0.0,	0.0)
http://dbpedia.org/ontology/University	(0.0,	0.0)
http://dbpedia.org/ontology/EducationalInstitution	(0.0,	0.0)
UNTYPED	(0.0,	0.0)
