
======  DOMAIN PREFERENCE ================================
http://dbpedia.org/ontology/Lake	(244.244,	0.875426523297491)
http://dbpedia.org/ontology/River	(235.304,	0.8433835125448029)
http://dbpedia.org/ontology/Stream	(233.504,	0.836931899641577)
http://dbpedia.org/ontology/BodyOfWater	(230.444,	0.8259641577060931)
http://dbpedia.org/ontology/MountainRange	(203.04199999999997,	0.7277491039426522)
http://dbpedia.org/ontology/NaturalPlace	(203.04199999999997,	0.7277491039426522)
http://dbpedia.org/ontology/City	(183.65659999999997,	0.6582673835125447)
http://dbpedia.org/ontology/Town	(183.65659999999997,	0.6582673835125447)
http://dbpedia.org/ontology/Village	(182.45659999999998,	0.6539663082437275)
http://dbpedia.org/ontology/Settlement	(182.45659999999998,	0.6539663082437275)
http://dbpedia.org/ontology/AdministrativeRegion	(176.57659999999998,	0.6328910394265232)
http://dbpedia.org/ontology/PopulatedPlace	(176.57659999999998,	0.6328910394265232)
http://dbpedia.org/ontology/ProtectedArea	(168.5606,	0.6041598566308244)
http://dbpedia.org/ontology/Place	(168.26059999999998,	0.60308458781362)
http://dbpedia.org/ontology/Infrastructure	(168.26059999999998,	0.60308458781362)
http://dbpedia.org/ontology/Airport	(168.26059999999998,	0.60308458781362)
http://dbpedia.org/ontology/ArchitecturalStructure	(168.26059999999998,	0.60308458781362)
http://dbpedia.org/ontology/Station	(168.26059999999998,	0.60308458781362)
http://dbpedia.org/ontology/RouteOfTransportation	(168.26059999999998,	0.60308458781362)
http://dbpedia.org/ontology/Road	(168.26059999999998,	0.60308458781362)
UNTYPED	(13.0,	0.04659498207885305)
http://dbpedia.org/ontology/Single	(0.0,	0.0)
http://dbpedia.org/ontology/Work	(0.0,	0.0)
http://dbpedia.org/ontology/Ship	(0.0,	0.0)
http://dbpedia.org/ontology/University	(0.0,	0.0)
http://dbpedia.org/ontology/MusicalWork	(0.0,	0.0)
http://dbpedia.org/ontology/Organisation	(0.0,	0.0)
http://dbpedia.org/ontology/Agent	(0.0,	0.0)
http://dbpedia.org/ontology/Film	(0.0,	0.0)
http://dbpedia.org/ontology/MeanOfTransportation	(0.0,	0.0)
http://dbpedia.org/ontology/EducationalInstitution	(0.0,	0.0)
http://dbpedia.org/ontology/Album	(0.0,	0.0)
======  RANGE PREFERENCE ================================
http://dbpedia.org/ontology/AdministrativeRegion	(270.00000000000006,	0.9473684210526317)
http://dbpedia.org/ontology/City	(224.10000000000002,	0.7863157894736843)
http://dbpedia.org/ontology/PopulatedPlace	(224.10000000000002,	0.7863157894736843)
http://dbpedia.org/ontology/Country	(224.10000000000002,	0.7863157894736843)
http://dbpedia.org/ontology/Settlement	(224.10000000000002,	0.7863157894736843)
http://dbpedia.org/ontology/Place	(183.87,	0.6451578947368422)
UNTYPED	(15.0,	0.05263157894736842)
http://dbpedia.org/ontology/Broadcaster	(0.0,	0.0)
http://dbpedia.org/ontology/University	(0.0,	0.0)
http://dbpedia.org/ontology/Organisation	(0.0,	0.0)
http://dbpedia.org/ontology/SoccerClub	(0.0,	0.0)
http://dbpedia.org/ontology/RadioStation	(0.0,	0.0)
http://dbpedia.org/ontology/Agent	(0.0,	0.0)
http://dbpedia.org/ontology/EducationalInstitution	(0.0,	0.0)
http://dbpedia.org/ontology/SportsTeam	(0.0,	0.0)
