lakeinstate	http://dbpedia.org/ontology/location	
lakeinstate	http://dbpedia.org/ontology/city	http://dbpedia.org/ontology/isPartOf	
lakeinstate	http://dbpedia.org/ontology/location	
lakeinstate	http://dbpedia.org/ontology/location	http://dbpedia.org/ontology/state	
lakeinstate	http://dbpedia.org/ontology/city	
lakeinstate	http://dbpedia.org/ontology/location	
lakeinstate	http://dbpedia.org/ontology/location	
lakeinstate	http://dbpedia.org/ontology/location	
lakeinstate	http://dbpedia.org/ontology/city	
lakeinstate	http://dbpedia.org/ontology/location	http://dbpedia.org/ontology/isPartOf	
lakeinstate	http://dbpedia.org/ontology/state	
lakeinstate	http://dbpedia.org/ontology/location	http://dbpedia.org/ontology/isPartOf	
lakeinstate	http://dbpedia.org/ontology/location	
lakeinstate	http://dbpedia.org/ontology/location	
lakeinstate	http://dbpedia.org/ontology/origin	http://dbpedia.org/ontology/city	
lakeinstate	http://dbpedia.org/ontology/location	http://dbpedia.org/ontology/state	
lakeinstate	http://dbpedia.org/ontology/location	
lakeinstate	http://dbpedia.org/ontology/country	
lakeinstate	http://dbpedia.org/ontology/location	
lakeinstate	http://dbpedia.org/ontology/city	http://dbpedia.org/ontology/isPartOf	
lakeinstate	http://dbpedia.org/ontology/location	http://dbpedia.org/ontology/state	
lakeinstate	http://dbpedia.org/ontology/city	
lakeinstate	http://dbpedia.org/ontology/location	http://dbpedia.org/ontology/isPartOf	
lakeinstate	http://dbpedia.org/ontology/location	
lakeinstate	http://dbpedia.org/ontology/location	
lakeinstate	http://dbpedia.org/ontology/location	
lakeinstate	http://dbpedia.org/ontology/city	
lakeinstate	http://dbpedia.org/ontology/location	
lakeinstate	http://dbpedia.org/ontology/location	
lakeinstate	http://dbpedia.org/ontology/location	
lakeinstate	http://dbpedia.org/ontology/city	
lakeinstate	http://dbpedia.org/ontology/city	
lakeinstate	http://dbpedia.org/ontology/location	
lakeinstate	http://dbpedia.org/ontology/location	
lakeinstate	http://dbpedia.org/ontology/location	
lakeinstate	http://dbpedia.org/ontology/location	
lakeinstate	http://dbpedia.org/ontology/location	
lakeinstate	http://dbpedia.org/ontology/location	
lakeinstate	http://dbpedia.org/ontology/location	
lakeinstate	http://dbpedia.org/ontology/location	http://dbpedia.org/ontology/state	
lakeinstate	http://dbpedia.org/ontology/location	http://dbpedia.org/ontology/isPartOf	
lakeinstate	http://dbpedia.org/ontology/source	http://dbpedia.org/ontology/isPartOf	
lakeinstate	http://dbpedia.org/ontology/location	
lakeinstate	http://dbpedia.org/ontology/location	
lakeinstate	http://dbpedia.org/ontology/location	
lakeinstate	http://dbpedia.org/ontology/city	http://dbpedia.org/ontology/isPartOf	
lakeinstate	http://dbpedia.org/ontology/location	
lakeinstate	http://dbpedia.org/ontology/state	
lakeinstate	http://dbpedia.org/ontology/origin	http://dbpedia.org/ontology/city	
lakeinstate	http://dbpedia.org/ontology/state	
